This is pdfTeX, Version 3.14159265-2.6-1.40.20 (MiKTeX 2.9.7000 64-bit) (preloaded format=pdflatex 2019.5.9)  21 MAY 2019 14:05
entering extended mode
**./Sprawozdanie_WPO_Kowakczyk.tex
(Sprawozdanie_WPO_Kowakczyk.tex
LaTeX2e <2018-12-01>
(pracadypl.cls ("D:\MiKTeX 2.9\tex/latex/base\report.cls"
Document Class: report 2018/09/03 v1.4i Standard LaTeX document class
("D:\MiKTeX 2.9\tex/latex/base\size11.clo"
File: size11.clo 2018/09/03 v1.4i Standard LaTeX file (size option)
)
\c@part=\count80
\c@chapter=\count81
\c@section=\count82
\c@subsection=\count83
\c@subsubsection=\count84
\c@paragraph=\count85
\c@subparagraph=\count86
\c@figure=\count87
\c@table=\count88
\abovecaptionskip=\skip41
\belowcaptionskip=\skip42
\bibindent=\dimen102
))
("D:\MiKTeX 2.9\tex/latex/tex-gyre\tgtermes.sty"
Package: tgtermes 2009/09/27 v1.2 TeX Gyre Termes as default roman family

("D:\MiKTeX 2.9\tex/latex/oberdiek\kvoptions.sty"
Package: kvoptions 2016/05/16 v3.12 Key value format for package options (HO)

("D:\MiKTeX 2.9\tex/latex/graphics\keyval.sty"
Package: keyval 2014/10/28 v1.15 key=value parser (DPC)
\KV@toks@=\toks14
)
("D:\MiKTeX 2.9\tex/generic/oberdiek\ltxcmds.sty"
Package: ltxcmds 2016/05/16 v1.23 LaTeX kernel commands for general use (HO)
)
("D:\MiKTeX 2.9\tex/generic/oberdiek\kvsetkeys.sty"
Package: kvsetkeys 2016/05/16 v1.17 Key value parser (HO)

("D:\MiKTeX 2.9\tex/generic/oberdiek\infwarerr.sty"
Package: infwarerr 2016/05/16 v1.4 Providing info/warning/error messages (HO)
)
("D:\MiKTeX 2.9\tex/generic/oberdiek\etexcmds.sty"
Package: etexcmds 2016/05/16 v1.6 Avoid name clashes with e-TeX commands (HO)

("D:\MiKTeX 2.9\tex/generic/oberdiek\ifluatex.sty"
Package: ifluatex 2016/05/16 v1.4 Provides the ifluatex switch (HO)
Package ifluatex Info: LuaTeX not detected.
)))))
("D:\MiKTeX 2.9\tex/latex/base\fontenc.sty"
Package: fontenc 2018/08/11 v2.0j Standard LaTeX package

("D:\MiKTeX 2.9\tex/latex/base\t1enc.def"
File: t1enc.def 2018/08/11 v2.0j Standard LaTeX file
LaTeX Font Info:    Redeclaring font encoding T1 on input line 48.
)
LaTeX Font Info:    Try loading font information for T1+qtm on input line 105.

("D:\MiKTeX 2.9\tex/latex/tex-gyre\t1qtm.fd"
File: t1qtm.fd 2009/09/25 v1.2 font definition file for T1/qtm
))
("D:\MiKTeX 2.9\tex/latex/polski\polski.sty"
Package: polski 2017/05/04 v1.3.4 Polish language package
)
("D:\MiKTeX 2.9\tex/latex/base\inputenc.sty"
Package: inputenc 2018/08/11 v1.3c Input encoding file
\inpenc@prehook=\toks15
\inpenc@posthook=\toks16
)
("D:\MiKTeX 2.9\tex/generic/pdftex\glyphtounicode.tex")
("D:\MiKTeX 2.9\tex/latex/amsfonts\amssymb.sty"
Package: amssymb 2013/01/14 v3.01 AMS font symbols

("D:\MiKTeX 2.9\tex/latex/amsfonts\amsfonts.sty"
Package: amsfonts 2013/01/14 v3.01 Basic AMSFonts support
\@emptytoks=\toks17
\symAMSa=\mathgroup4
\symAMSb=\mathgroup5
LaTeX Font Info:    Overwriting math alphabet `\mathfrak' in version `bold'
(Font)                  U/euf/m/n --> U/euf/b/n on input line 106.
))
("D:\MiKTeX 2.9\tex/latex/amsmath\amsmath.sty"
Package: amsmath 2018/12/01 v2.17b AMS math features
\@mathmargin=\skip43

For additional information on amsmath, use the `?' option.
("D:\MiKTeX 2.9\tex/latex/amsmath\amstext.sty"
Package: amstext 2000/06/29 v2.01 AMS text

("D:\MiKTeX 2.9\tex/latex/amsmath\amsgen.sty"
File: amsgen.sty 1999/11/30 v2.0 generic functions
\@emptytoks=\toks18
\ex@=\dimen103
))
("D:\MiKTeX 2.9\tex/latex/amsmath\amsbsy.sty"
Package: amsbsy 1999/11/29 v1.2d Bold Symbols
\pmbraise@=\dimen104
)
("D:\MiKTeX 2.9\tex/latex/amsmath\amsopn.sty"
Package: amsopn 2016/03/08 v2.02 operator names
)
\inf@bad=\count89
LaTeX Info: Redefining \frac on input line 223.
\uproot@=\count90
\leftroot@=\count91
LaTeX Info: Redefining \overline on input line 385.
\classnum@=\count92
\DOTSCASE@=\count93
LaTeX Info: Redefining \ldots on input line 482.
LaTeX Info: Redefining \dots on input line 485.
LaTeX Info: Redefining \cdots on input line 606.
\Mathstrutbox@=\box27
\strutbox@=\box28
\big@size=\dimen105
LaTeX Font Info:    Redeclaring font encoding OML on input line 729.
LaTeX Font Info:    Redeclaring font encoding OMS on input line 730.
\macc@depth=\count94
\c@MaxMatrixCols=\count95
\dotsspace@=\muskip10
\c@parentequation=\count96
\dspbrk@lvl=\count97
\tag@help=\toks19
\row@=\count98
\column@=\count99
\maxfields@=\count100
\andhelp@=\toks20
\eqnshift@=\dimen106
\alignsep@=\dimen107
\tagshift@=\dimen108
\tagwidth@=\dimen109
\totwidth@=\dimen110
\lineht@=\dimen111
\@envbody=\toks21
\multlinegap=\skip44
\multlinetaggap=\skip45
\mathdisplay@stack=\toks22
LaTeX Info: Redefining \[ on input line 2844.
LaTeX Info: Redefining \] on input line 2845.
)
\c@defi=\count101
\c@uwaga=\count102
\c@tw=\count103
\c@lem=\count104
\c@wn=\count105

("D:\MiKTeX 2.9\tex/latex/hyperref\hyperref.sty"
Package: hyperref 2018/11/30 v6.88e Hypertext links for LaTeX

("D:\MiKTeX 2.9\tex/generic/oberdiek\hobsub-hyperref.sty"
Package: hobsub-hyperref 2016/05/16 v1.14 Bundle oberdiek, subset hyperref (HO)


("D:\MiKTeX 2.9\tex/generic/oberdiek\hobsub-generic.sty"
Package: hobsub-generic 2016/05/16 v1.14 Bundle oberdiek, subset generic (HO)
Package: hobsub 2016/05/16 v1.14 Construct package bundles (HO)
Package hobsub Info: Skipping package `infwarerr' (already loaded).
Package hobsub Info: Skipping package `ltxcmds' (already loaded).
Package hobsub Info: Skipping package `ifluatex' (already loaded).
Package: ifvtex 2016/05/16 v1.6 Detect VTeX and its facilities (HO)
Package ifvtex Info: VTeX not detected.
Package: intcalc 2016/05/16 v1.2 Expandable calculations with integers (HO)
Package: ifpdf 2018/09/07 v3.3 Provides the ifpdf switch
Package hobsub Info: Skipping package `etexcmds' (already loaded).
Package hobsub Info: Skipping package `kvsetkeys' (already loaded).
Package: kvdefinekeys 2016/05/16 v1.4 Define keys (HO)
Package: pdftexcmds 2018/09/10 v0.29 Utility functions of pdfTeX for LuaTeX (HO
)
Package pdftexcmds Info: LuaTeX not detected.
Package pdftexcmds Info: \pdf@primitive is available.
Package pdftexcmds Info: \pdf@ifprimitive is available.
Package pdftexcmds Info: \pdfdraftmode found.
Package: pdfescape 2016/05/16 v1.14 Implements pdfTeX's escape features (HO)
Package: bigintcalc 2016/05/16 v1.4 Expandable calculations on big integers (HO
)
Package: bitset 2016/05/16 v1.2 Handle bit-vector datatype (HO)
Package: uniquecounter 2016/05/16 v1.3 Provide unlimited unique counter (HO)
)
Package hobsub Info: Skipping package `hobsub' (already loaded).
Package: letltxmacro 2016/05/16 v1.5 Let assignment for LaTeX macros (HO)
Package: hopatch 2016/05/16 v1.3 Wrapper for package hooks (HO)
Package: xcolor-patch 2016/05/16 xcolor patch
Package: atveryend 2016/05/16 v1.9 Hooks at the very end of document (HO)
Package atveryend Info: \enddocument detected (standard20110627).
Package: atbegshi 2016/06/09 v1.18 At begin shipout hook (HO)
Package: refcount 2016/05/16 v3.5 Data extraction from label references (HO)
Package: hycolor 2016/05/16 v1.8 Color options for hyperref/bookmark (HO)
)
("D:\MiKTeX 2.9\tex/generic/ifxetex\ifxetex.sty"
Package: ifxetex 2010/09/12 v0.6 Provides ifxetex conditional
)
("D:\MiKTeX 2.9\tex/latex/oberdiek\auxhook.sty"
Package: auxhook 2016/05/16 v1.4 Hooks for auxiliary files (HO)
)
\@linkdim=\dimen112
\Hy@linkcounter=\count106
\Hy@pagecounter=\count107

("D:\MiKTeX 2.9\tex/latex/hyperref\pd1enc.def"
File: pd1enc.def 2018/11/30 v6.88e Hyperref: PDFDocEncoding definition (HO)
Now handling font encoding PD1 ...
... no UTF-8 mapping file for font encoding PD1
)
\Hy@SavedSpaceFactor=\count108

("D:\MiKTeX 2.9\tex/latex/00miktex\hyperref.cfg"
File: hyperref.cfg 2002/06/06 v1.2 hyperref configuration of TeXLive
)
Package hyperref Info: Hyper figures OFF on input line 4519.
Package hyperref Info: Link nesting OFF on input line 4524.
Package hyperref Info: Hyper index ON on input line 4527.
Package hyperref Info: Plain pages OFF on input line 4534.
Package hyperref Info: Backreferencing OFF on input line 4539.
Package hyperref Info: Implicit mode ON; LaTeX internals redefined.
Package hyperref Info: Bookmarks ON on input line 4772.
\c@Hy@tempcnt=\count109

("D:\MiKTeX 2.9\tex/latex/url\url.sty"
\Urlmuskip=\muskip11
Package: url 2013/09/16  ver 3.4  Verb mode for urls, etc.
)
LaTeX Info: Redefining \url on input line 5125.
\XeTeXLinkMargin=\dimen113
\Fld@menulength=\count110
\Field@Width=\dimen114
\Fld@charsize=\dimen115
Package hyperref Info: Hyper figures OFF on input line 6380.
Package hyperref Info: Link nesting OFF on input line 6385.
Package hyperref Info: Hyper index ON on input line 6388.
Package hyperref Info: backreferencing OFF on input line 6395.
Package hyperref Info: Link coloring OFF on input line 6400.
Package hyperref Info: Link coloring with OCG OFF on input line 6405.
Package hyperref Info: PDF/A mode OFF on input line 6410.
LaTeX Info: Redefining \ref on input line 6450.
LaTeX Info: Redefining \pageref on input line 6454.
\Hy@abspage=\count111
\c@Item=\count112
\c@Hfootnote=\count113
)
Package hyperref Info: Driver (autodetected): hpdftex.

("D:\MiKTeX 2.9\tex/latex/hyperref\hpdftex.def"
File: hpdftex.def 2018/11/30 v6.88e Hyperref driver for pdfTeX
\Fld@listcount=\count114
\c@bookmark@seq@number=\count115

("D:\MiKTeX 2.9\tex/latex/oberdiek\rerunfilecheck.sty"
Package: rerunfilecheck 2016/05/16 v1.8 Rerun checks for auxiliary files (HO)
Package uniquecounter Info: New unique counter `rerunfilecheck' on input line 2
82.
)
\Hy@SectionHShift=\skip46
)
("D:\MiKTeX 2.9\tex/latex/pdfpages\pdfpages.sty"
Package: pdfpages 2017/10/31 v0.5l Insert pages of external PDF documents (AM)

("D:\MiKTeX 2.9\tex/latex/base\ifthen.sty"
Package: ifthen 2014/09/29 v1.1c Standard LaTeX ifthen package (DPC)
)
("D:\MiKTeX 2.9\tex/latex/tools\calc.sty"
Package: calc 2017/05/25 v4.3 Infix arithmetic (KKT,FJ)
\calc@Acount=\count116
\calc@Bcount=\count117
\calc@Adimen=\dimen116
\calc@Bdimen=\dimen117
\calc@Askip=\skip47
\calc@Bskip=\skip48
LaTeX Info: Redefining \setlength on input line 80.
LaTeX Info: Redefining \addtolength on input line 81.
\calc@Ccount=\count118
\calc@Cskip=\skip49
)
("D:\MiKTeX 2.9\tex/latex/eso-pic\eso-pic.sty"
Package: eso-pic 2018/04/12 v2.0h eso-pic (RN)

("D:\MiKTeX 2.9\tex/latex/xcolor\xcolor.sty"
Package: xcolor 2016/05/11 v2.12 LaTeX color extensions (UK)

("D:\MiKTeX 2.9\tex/latex/graphics-cfg\color.cfg"
File: color.cfg 2016/01/02 v1.6 sample color configuration
)
Package xcolor Info: Driver file: pdftex.def on input line 225.

("D:\MiKTeX 2.9\tex/latex/graphics-def\pdftex.def"
File: pdftex.def 2018/01/08 v1.0l Graphics/color driver for pdftex
)
Package xcolor Info: Model `cmy' substituted by `cmy0' on input line 1348.
Package xcolor Info: Model `hsb' substituted by `rgb' on input line 1352.
Package xcolor Info: Model `RGB' extended on input line 1364.
Package xcolor Info: Model `HTML' substituted by `rgb' on input line 1366.
Package xcolor Info: Model `Hsb' substituted by `hsb' on input line 1367.
Package xcolor Info: Model `tHsb' substituted by `hsb' on input line 1368.
Package xcolor Info: Model `HSB' substituted by `hsb' on input line 1369.
Package xcolor Info: Model `Gray' substituted by `gray' on input line 1370.
Package xcolor Info: Model `wave' substituted by `hsb' on input line 1371.
))
("D:\MiKTeX 2.9\tex/latex/graphics\graphicx.sty"
Package: graphicx 2017/06/01 v1.1a Enhanced LaTeX Graphics (DPC,SPQR)

("D:\MiKTeX 2.9\tex/latex/graphics\graphics.sty"
Package: graphics 2017/06/25 v1.2c Standard LaTeX Graphics (DPC,SPQR)

("D:\MiKTeX 2.9\tex/latex/graphics\trig.sty"
Package: trig 2016/01/03 v1.10 sin cos tan (DPC)
)
("D:\MiKTeX 2.9\tex/latex/graphics-cfg\graphics.cfg"
File: graphics.cfg 2016/06/04 v1.11 sample graphics configuration
)
Package graphics Info: Driver file: pdftex.def on input line 99.
)
\Gin@req@height=\dimen118
\Gin@req@width=\dimen119
)
\AM@pagewidth=\dimen120
\AM@pageheight=\dimen121

("D:\MiKTeX 2.9\tex/latex/pdfpages\pppdftex.def"
File: pppdftex.def 2017/10/31 v0.5l Pdfpages driver for pdfTeX (AM)
)
\AM@pagebox=\box29
\AM@global@opts=\toks23
\AM@toc@title=\toks24
\c@AM@survey=\count119
\AM@templatesizebox=\box30
)
("D:\MiKTeX 2.9\tex/latex/listings\listings.sty"
\lst@mode=\count120
\lst@gtempboxa=\box31
\lst@token=\toks25
\lst@length=\count121
\lst@currlwidth=\dimen122
\lst@column=\count122
\lst@pos=\count123
\lst@lostspace=\dimen123
\lst@width=\dimen124
\lst@newlines=\count124
\lst@lineno=\count125
\lst@maxwidth=\dimen125

("D:\MiKTeX 2.9\tex/latex/listings\lstmisc.sty"
File: lstmisc.sty 2019/02/27 1.8b (Carsten Heinz)
\c@lstnumber=\count126
\lst@skipnumbers=\count127
\lst@framebox=\box32
)
("D:\MiKTeX 2.9\tex/latex/listings\listings.cfg"
File: listings.cfg 2019/02/27 1.8b listings configuration
))
Package: listings 2019/02/27 1.8b (Carsten Heinz)

(Sprawozdanie_WPO_Kowakczyk.aux)
\openout1 = `Sprawozdanie_WPO_Kowakczyk.aux'.

LaTeX Font Info:    Checking defaults for OML/cmm/m/it on input line 38.
LaTeX Font Info:    ... okay on input line 38.
LaTeX Font Info:    Checking defaults for T1/cmr/m/n on input line 38.
LaTeX Font Info:    ... okay on input line 38.
LaTeX Font Info:    Checking defaults for OT1/cmr/m/n on input line 38.
LaTeX Font Info:    ... okay on input line 38.
LaTeX Font Info:    Checking defaults for OMS/cmsy/m/n on input line 38.
LaTeX Font Info:    ... okay on input line 38.
LaTeX Font Info:    Checking defaults for OMX/cmex/m/n on input line 38.
LaTeX Font Info:    ... okay on input line 38.
LaTeX Font Info:    Checking defaults for U/cmr/m/n on input line 38.
LaTeX Font Info:    ... okay on input line 38.
LaTeX Font Info:    Checking defaults for PD1/pdf/m/n on input line 38.
LaTeX Font Info:    ... okay on input line 38.
\AtBeginShipoutBox=\box33
Package hyperref Info: Link coloring OFF on input line 38.
 ("D:\MiKTeX 2.9\tex/latex/hyperref\nameref.sty"
Package: nameref 2016/05/21 v2.44 Cross-referencing by name of section
 ("D:\MiKTeX 2.9\tex/generic/oberdiek\gettitlestring.sty"
Package: gettitlestring 2016/05/16 v1.5 Cleanup title references (HO)
)
\c@section@level=\count128
)
LaTeX Info: Redefining \ref on input line 38.
LaTeX Info: Redefining \pageref on input line 38.
LaTeX Info: Redefining \nameref on input line 38.

(Sprawozdanie_WPO_Kowakczyk.out) (Sprawozdanie_WPO_Kowakczyk.out)
\@outlinefile=\write3
\openout3 = `Sprawozdanie_WPO_Kowakczyk.out'.


("D:\MiKTeX 2.9\tex/context/base/mkii\supp-pdf.mkii"
[Loading MPS to PDF converter (version 2006.09.02).]
\scratchcounter=\count129
\scratchdimen=\dimen126
\scratchbox=\box34
\nofMPsegments=\count130
\nofMParguments=\count131
\everyMPshowfont=\toks26
\MPscratchCnt=\count132
\MPscratchDim=\dimen127
\MPnumerator=\count133
\makeMPintoPDFobject=\count134
\everyMPtoPDFconversion=\toks27
) ("D:\MiKTeX 2.9\tex/latex/oberdiek\epstopdf-base.sty"
Package: epstopdf-base 2016/05/15 v2.6 Base part for package epstopdf

("D:\MiKTeX 2.9\tex/latex/oberdiek\grfext.sty"
Package: grfext 2016/05/16 v1.2 Manage graphics extensions (HO)
)
Package epstopdf-base Info: Redefining graphics rule for `.eps' on input line 4
38.
Package grfext Info: Graphics extension search list:
(grfext)             [.pdf,.png,.jpg,.mps,.jpeg,.jbig2,.jb2,.PDF,.PNG,.JPG,.JPE
G,.JBIG2,.JB2,.eps]
(grfext)             \AppendGraphicsExtensions on input line 456.
)
("D:\MiKTeX 2.9\tex/latex/oberdiek\pdflscape.sty"
Package: pdflscape 2016/05/14 v0.11 Display of landscape pages in PDF (HO)

("D:\MiKTeX 2.9\tex/latex/graphics\lscape.sty"
Package: lscape 2000/10/22 v3.01 Landscape Pages (DPC)
)
Package pdflscape Info: Auto-detected driver: pdftex on input line 81.
)
\c@lstlisting=\count135
LaTeX Font Info:    Try loading font information for U+msa on input line 45.

("D:\MiKTeX 2.9\tex/latex/amsfonts\umsa.fd"
File: umsa.fd 2013/01/14 v3.01 AMS symbols A
)
LaTeX Font Info:    Try loading font information for U+msb on input line 45.

("D:\MiKTeX 2.9\tex/latex/amsfonts\umsb.fd"
File: umsb.fd 2013/01/14 v3.01 AMS symbols B
) [1

{C:/Users/jakub/AppData/Local/MiKTeX/2.9/pdftex/config/pdftex.map}] (Sprawozdan
ie_WPO_Kowakczyk.toc)
\tf@toc=\write4
\openout4 = `Sprawozdanie_WPO_Kowakczyk.toc'.

 [2

]
Rozdzia\PlPrIeC {\l } 1.
[3

]
Rozdzia\PlPrIeC {\l } 2.

Underfull \hbox (badness 10000) in paragraph at lines 117--124

 []

("D:\MiKTeX 2.9\tex/latex/listings\lstlang1.sty"
File: lstlang1.sty 2019/02/27 1.8b listings language file
) [4

]
<orgi/gae.jpg, id=203, 64.24pt x 72.47075pt>
File: orgi/gae.jpg Graphic file (type jpg)
<use orgi/gae.jpg>
Package pdftex.def Info: orgi/gae.jpg  used on input line 163.
(pdftex.def)             Requested size: 170.73018pt x 170.7198pt.
<orgi/gMessi.jpg, id=204, 96.36pt x 54.2025pt>
File: orgi/gMessi.jpg Graphic file (type jpg)
<use orgi/gMessi.jpg>
Package pdftex.def Info: orgi/gMessi.jpg  used on input line 164.
(pdftex.def)             Requested size: 170.71594pt x 170.76274pt.
<2_1/GeoG1.jpg, id=205, 80.3pt x 72.47075pt>
File: 2_1/GeoG1.jpg Graphic file (type jpg)
<use 2_1/GeoG1.jpg>
Package pdftex.def Info: 2_1/GeoG1.jpg  used on input line 169.
(pdftex.def)             Requested size: 170.72159pt x 170.7198pt.
<2_1/GeoG2.jpg, id=206, 96.36pt x 86.9649pt>
File: 2_1/GeoG2.jpg Graphic file (type jpg)
<use 2_1/GeoG2.jpg>
Package pdftex.def Info: 2_1/GeoG2.jpg  used on input line 170.
(pdftex.def)             Requested size: 170.71594pt x 170.73796pt.
 [5 <./orgi/gae.jpg> <./orgi/gMessi.jpg> <./2_1/GeoG1.jpg> <./2_1/GeoG2.jpg>]
<orgi/gLU.jpg, id=215, 607.26875pt x 513.92pt>
File: orgi/gLU.jpg Graphic file (type jpg)
<use orgi/gLU.jpg>
Package pdftex.def Info: orgi/gLU.jpg  used on input line 177.
(pdftex.def)             Requested size: 170.71051pt x 170.71548pt.
<orgi/groza.jpg, id=216, 333.245pt x 250.9375pt>
File: orgi/groza.jpg Graphic file (type jpg)
<use orgi/groza.jpg>
Package pdftex.def Info: orgi/groza.jpg  used on input line 178.
(pdftex.def)             Requested size: 170.7205pt x 170.7233pt.
<2_1/GeoG3.jpg, id=217, 607.26875pt x 513.92pt>
File: 2_1/GeoG3.jpg Graphic file (type jpg)
<use 2_1/GeoG3.jpg>
Package pdftex.def Info: 2_1/GeoG3.jpg  used on input line 183.
(pdftex.def)             Requested size: 170.71051pt x 170.71548pt.
<2_1/GeoG4.jpg, id=218, 607.26875pt x 513.92pt>
File: 2_1/GeoG4.jpg Graphic file (type jpg)
<use 2_1/GeoG4.jpg>
Package pdftex.def Info: 2_1/GeoG4.jpg  used on input line 184.
(pdftex.def)             Requested size: 170.71051pt x 170.71548pt.
 [6 <./orgi/gLU.jpg> <./orgi/groza.jpg> <./2_1/GeoG3.jpg> <./2_1/GeoG4.jpg>]
Package hyperref Info: bookmark level for unknown lstlisting defaults to 0 on i
nput line 193.

Overfull \hbox (25.45604pt too wide) in paragraph at lines 218--219
[][][][][][][][][][][][][][][][][][][][][] 
 []


Overfull \hbox (12.31593pt too wide) in paragraph at lines 234--235
[][][][][][][][][][][][][][][][][][][][][] 
 []

[7]
Overfull \hbox (38.59615pt too wide) in paragraph at lines 246--247
[][][][][][][][][][][][][][][][][][][][][] 
 []


Overfull \hbox (32.0261pt too wide) in paragraph at lines 254--255
[][][][][][][][][][][][][][][][][][][][] 
 []

[8]
Underfull \hbox (badness 10000) in paragraph at lines 262--269

 []

[9]
File: 2_1/GeoG1.jpg Graphic file (type jpg)
<use 2_1/GeoG1.jpg>
Package pdftex.def Info: 2_1/GeoG1.jpg  used on input line 307.
(pdftex.def)             Requested size: 170.72159pt x 170.7198pt.
File: 2_1/GeoG2.jpg Graphic file (type jpg)
<use 2_1/GeoG2.jpg>
Package pdftex.def Info: 2_1/GeoG2.jpg  used on input line 308.
(pdftex.def)             Requested size: 170.71594pt x 170.73796pt.
<2_2/ResolG1.jpg, id=325, 80.3pt x 72.47075pt>
File: 2_2/ResolG1.jpg Graphic file (type jpg)
<use 2_2/ResolG1.jpg>
Package pdftex.def Info: 2_2/ResolG1.jpg  used on input line 313.
(pdftex.def)             Requested size: 170.72159pt x 170.7198pt.
<2_2/ResolG2.jpg, id=326, 96.36pt x 86.9649pt>
File: 2_2/ResolG2.jpg Graphic file (type jpg)
<use 2_2/ResolG2.jpg>
Package pdftex.def Info: 2_2/ResolG2.jpg  used on input line 314.
(pdftex.def)             Requested size: 170.71594pt x 170.73796pt.
 [10 <./2_2/ResolG1.jpg> <./2_2/ResolG2.jpg>]
File: 2_1/GeoG3.jpg Graphic file (type jpg)
<use 2_1/GeoG3.jpg>
Package pdftex.def Info: 2_1/GeoG3.jpg  used on input line 321.
(pdftex.def)             Requested size: 170.71051pt x 170.71548pt.
File: 2_1/GeoG4.jpg Graphic file (type jpg)
<use 2_1/GeoG4.jpg>
Package pdftex.def Info: 2_1/GeoG4.jpg  used on input line 322.
(pdftex.def)             Requested size: 170.71051pt x 170.71548pt.
<2_2/ResolG3.jpg, id=333, 607.26875pt x 513.92pt>
File: 2_2/ResolG3.jpg Graphic file (type jpg)
<use 2_2/ResolG3.jpg>
Package pdftex.def Info: 2_2/ResolG3.jpg  used on input line 327.
(pdftex.def)             Requested size: 170.71051pt x 170.71548pt.
<2_2/ResolG4.jpg, id=334, 607.26875pt x 513.92pt>
File: 2_2/ResolG4.jpg Graphic file (type jpg)
<use 2_2/ResolG4.jpg>
Package pdftex.def Info: 2_2/ResolG4.jpg  used on input line 328.
(pdftex.def)             Requested size: 170.71051pt x 170.71548pt.
 [11 <./2_2/ResolG3.jpg> <./2_2/ResolG4.jpg>]
Overfull \hbox (18.88599pt too wide) in paragraph at lines 344--345
[][][][][][][][][][][][][][][][][][][][][] 
 []


Overfull \hbox (25.45604pt too wide) in paragraph at lines 348--349
[][][][][][][][][][][][][][][][][][][][][][][][][][][] 
 []

LaTeX Font Info:    Try loading font information for OMS+qtm on input line 352.

LaTeX Font Info:    No file OMSqtm.fd. on input line 352.

LaTeX Font Warning: Font shape `OMS/qtm/m/n' undefined
(Font)              using `OMS/cmsy/m/n' instead
(Font)              for symbol `textasteriskcentered' on input line 352.


Overfull \hbox (25.45604pt too wide) in paragraph at lines 361--362
[][][][][][][][][][][][][][][][][][][][][][][][][][][] 
 []


Overfull \hbox (32.0261pt too wide) in paragraph at lines 378--380
[][][][][][][][][][][][][][][][][][][][][][][][][][][] 
 []

[12]
Overfull \hbox (18.88599pt too wide) in paragraph at lines 404--405
[][][][][][][][][][][][][][][][] 
 []


Overfull \hbox (25.45604pt too wide) in paragraph at lines 406--408
[][][][][][][][][][][][][][][][] 
 []


Overfull \hbox (18.88599pt too wide) in paragraph at lines 421--422
[][][][][][][][][][][][][][][][] 
 []


Overfull \hbox (18.88599pt too wide) in paragraph at lines 423--425
[][][][][][][][][][][][][][][] 
 []


Overfull \hbox (25.45604pt too wide) in paragraph at lines 432--433
[][][][][][][][][][][][][][][][] 
 []

[13]
Overfull \hbox (45.1662pt too wide) in paragraph at lines 433--434
[][][][][][][][][][][][][][][][] 
 []


Overfull \hbox (25.45604pt too wide) in paragraph at lines 434--435
[][][][][][][][][][][][][][] 
 []


Overfull \hbox (45.1662pt too wide) in paragraph at lines 435--437
[][][][][][][][][][][][][][][][] 
 []


Overfull \hbox (58.3063pt too wide) in paragraph at lines 446--447
[][][][][][][][][][][][][][][][][][][][] 
 []

[14]
Underfull \hbox (badness 10000) in paragraph at lines 454--461

 []

[15]
<orgi/RGBMessi.jpg, id=491, 114.4275pt x 85.5195pt>
File: orgi/RGBMessi.jpg Graphic file (type jpg)
<use orgi/RGBMessi.jpg>
Package pdftex.def Info: orgi/RGBMessi.jpg  used on input line 499.
(pdftex.def)             Requested size: 170.72415pt x 170.72275pt.
<orgi/RGBLL.jpg, id=492, 319.94531pt x 207.02344pt>
File: orgi/RGBLL.jpg Graphic file (type jpg)
<use orgi/RGBLL.jpg>
Package pdftex.def Info: orgi/RGBLL.jpg  used on input line 500.
(pdftex.def)             Requested size: 170.71745pt x 170.72061pt.
<2_3/GeoRGB1.jpg, id=493, 114.4275pt x 85.5195pt>
File: 2_3/GeoRGB1.jpg Graphic file (type jpg)
<use 2_3/GeoRGB1.jpg>
Package pdftex.def Info: 2_3/GeoRGB1.jpg  used on input line 505.
(pdftex.def)             Requested size: 170.72415pt x 170.72275pt.
<2_3/GeoRGB2.jpg, id=494, 357.58594pt x 267.24844pt>
File: 2_3/GeoRGB2.jpg Graphic file (type jpg)
<use 2_3/GeoRGB2.jpg>
Package pdftex.def Info: 2_3/GeoRGB2.jpg  used on input line 506.
(pdftex.def)             Requested size: 170.71718pt x 170.72441pt.
 [16 <./orgi/RGBMessi.jpg> <./orgi/RGBLL.jpg> <./2_3/GeoRGB1.jpg> <./2_3/GeoRGB
2.jpg>]
<orgi/RGBkamel.jpg, id=501, 120.45pt x 96.36pt>
File: orgi/RGBkamel.jpg Graphic file (type jpg)
<use orgi/RGBkamel.jpg>
Package pdftex.def Info: orgi/RGBkamel.jpg  used on input line 513.
(pdftex.def)             Requested size: 170.73325pt x 170.71594pt.
<orgi/RGBkulki.jpg, id=502, 108.405pt x 108.405pt>
File: orgi/RGBkulki.jpg Graphic file (type jpg)
<use orgi/RGBkulki.jpg>
Package pdftex.def Info: orgi/RGBkulki.jpg  used on input line 514.
(pdftex.def)             Requested size: 170.7371pt x 170.7371pt.
<2_3/GeoRGB3.jpg, id=503, 120.45pt x 108.405pt>
File: 2_3/GeoRGB3.jpg Graphic file (type jpg)
<use 2_3/GeoRGB3.jpg>
Package pdftex.def Info: 2_3/GeoRGB3.jpg  used on input line 519.
(pdftex.def)             Requested size: 170.73325pt x 170.7371pt.
<2_3/GeoRGB4.jpg, id=504, 120.45pt x 108.405pt>
File: 2_3/GeoRGB4.jpg Graphic file (type jpg)
<use 2_3/GeoRGB4.jpg>
Package pdftex.def Info: 2_3/GeoRGB4.jpg  used on input line 520.
(pdftex.def)             Requested size: 170.73325pt x 170.7371pt.
 [17 <./orgi/RGBkamel.jpg> <./orgi/RGBkulki.jpg> <./2_3/GeoRGB3.jpg> <./2_3/Geo
RGB4.jpg>]
Overfull \hbox (51.73625pt too wide) in paragraph at lines 536--537
[][][][][][][][][][][][][][][][][][][][][][][][][][][] 
 []


Overfull \hbox (78.01646pt too wide) in paragraph at lines 548--549
[][][][][][][][][][][][][][][][][][][][][][][][][][][] 
 []


Overfull \hbox (25.45604pt too wide) in paragraph at lines 553--554
[][][][][][][][][][][][][][][][][][][][][] 
 []


Overfull \hbox (51.73625pt too wide) in paragraph at lines 562--563
[][][][][][][][][][][][][][][][][][][][][][][][][][][] 
 []


Overfull \hbox (12.31593pt too wide) in paragraph at lines 568--569
[][][][][][][][][][][][][][][][][][][][][] 
 []


Overfull \hbox (78.01646pt too wide) in paragraph at lines 573--574
[][][][][][][][][][][][][][][][][][][][][][][][][][][] 
 []

[18]
Overfull \hbox (38.59615pt too wide) in paragraph at lines 579--580
[][][][][][][][][][][][][][][][][][][][][] 
 []


Overfull \hbox (32.0261pt too wide) in paragraph at lines 587--588
[][][][][][][][][][][][][][][][][][][][] 
 []

[19]
Underfull \hbox (badness 10000) in paragraph at lines 596--603

 []

[20]
File: 2_3/GeoRGB1.jpg Graphic file (type jpg)
<use 2_3/GeoRGB1.jpg>
Package pdftex.def Info: 2_3/GeoRGB1.jpg  used on input line 641.
(pdftex.def)             Requested size: 170.72415pt x 170.72275pt.
File: 2_3/GeoRGB2.jpg Graphic file (type jpg)
<use 2_3/GeoRGB2.jpg>
Package pdftex.def Info: 2_3/GeoRGB2.jpg  used on input line 642.
(pdftex.def)             Requested size: 170.71718pt x 170.72441pt.
<2_4/ResolRGB1.jpg, id=606, 114.4275pt x 85.5195pt>
File: 2_4/ResolRGB1.jpg Graphic file (type jpg)
<use 2_4/ResolRGB1.jpg>
Package pdftex.def Info: 2_4/ResolRGB1.jpg  used on input line 647.
(pdftex.def)             Requested size: 170.72415pt x 170.72275pt.
<2_4/ResolRGB2.jpg, id=607, 357.58594pt x 267.24844pt>
File: 2_4/ResolRGB2.jpg Graphic file (type jpg)
<use 2_4/ResolRGB2.jpg>
Package pdftex.def Info: 2_4/ResolRGB2.jpg  used on input line 648.
(pdftex.def)             Requested size: 170.71718pt x 170.72441pt.
 [21 <./2_4/ResolRGB1.jpg> <./2_4/ResolRGB2.jpg>]
File: 2_3/GeoRGB3.jpg Graphic file (type jpg)
<use 2_3/GeoRGB3.jpg>
Package pdftex.def Info: 2_3/GeoRGB3.jpg  used on input line 655.
(pdftex.def)             Requested size: 170.73325pt x 170.7371pt.
File: 2_3/GeoRGB4.jpg Graphic file (type jpg)
<use 2_3/GeoRGB4.jpg>
Package pdftex.def Info: 2_3/GeoRGB4.jpg  used on input line 656.
(pdftex.def)             Requested size: 170.73325pt x 170.7371pt.
<2_4/ResolRGB3.jpg, id=614, 120.45pt x 108.405pt>
File: 2_4/ResolRGB3.jpg Graphic file (type jpg)
<use 2_4/ResolRGB3.jpg>
Package pdftex.def Info: 2_4/ResolRGB3.jpg  used on input line 661.
(pdftex.def)             Requested size: 170.73325pt x 170.7371pt.
<2_4/ResolRGB4.jpg, id=615, 120.45pt x 108.405pt>
File: 2_4/ResolRGB4.jpg Graphic file (type jpg)
<use 2_4/ResolRGB4.jpg>
Package pdftex.def Info: 2_4/ResolRGB4.jpg  used on input line 662.
(pdftex.def)             Requested size: 170.73325pt x 170.7371pt.
 [22 <./2_4/ResolRGB3.jpg> <./2_4/ResolRGB4.jpg>]
Overfull \hbox (18.88599pt too wide) in paragraph at lines 677--678
[][][][][][][][][][][][][][][][][][][][][] 
 []


Overfull \hbox (25.45604pt too wide) in paragraph at lines 709--710
[][][][][][][][][][][][][][][][][][] 
 []


Overfull \hbox (5.74588pt too wide) in paragraph at lines 713--714
[][][][][][][][][][][][][][][][][][][][][][][][][][][] 
 []


Overfull \hbox (58.3063pt too wide) in paragraph at lines 715--716
[][][][][][][][][][][][][][][][][][][][] 
 []

[23]
Rozdzia\PlPrIeC {\l } 3.

Underfull \hbox (badness 10000) in paragraph at lines 725--734

 []

[24

]
File: orgi/gMessi.jpg Graphic file (type jpg)
<use orgi/gMessi.jpg>
Package pdftex.def Info: orgi/gMessi.jpg  used on input line 772.
(pdftex.def)             Requested size: 142.26353pt x 142.3027pt.
<3_1/add_constG1.jpg, id=686, 96.36pt x 54.2025pt>
File: 3_1/add_constG1.jpg Graphic file (type jpg)
<use 3_1/add_constG1.jpg>
Package pdftex.def Info: 3_1/add_constG1.jpg  used on input line 773.
(pdftex.def)             Requested size: 142.26353pt x 142.3027pt.
<3_1/nadd_constG1.jpg, id=687, 96.36pt x 54.2025pt>
File: 3_1/nadd_constG1.jpg Graphic file (type jpg)
<use 3_1/nadd_constG1.jpg>
Package pdftex.def Info: 3_1/nadd_constG1.jpg  used on input line 774.
(pdftex.def)             Requested size: 142.26353pt x 142.3027pt.
File: orgi/gLU.jpg Graphic file (type jpg)
<use orgi/gLU.jpg>
Package pdftex.def Info: orgi/gLU.jpg  used on input line 779.
(pdftex.def)             Requested size: 142.2634pt x 142.26552pt.
<3_1/add_constG2.jpg, id=688, 607.26875pt x 513.92pt>
File: 3_1/add_constG2.jpg Graphic file (type jpg)
<use 3_1/add_constG2.jpg>
Package pdftex.def Info: 3_1/add_constG2.jpg  used on input line 780.
(pdftex.def)             Requested size: 142.2634pt x 142.26552pt.
<3_1/nadd_constG2.jpg, id=689, 607.26875pt x 513.92pt>
File: 3_1/nadd_constG2.jpg Graphic file (type jpg)
<use 3_1/nadd_constG2.jpg>
Package pdftex.def Info: 3_1/nadd_constG2.jpg  used on input line 781.
(pdftex.def)             Requested size: 142.2634pt x 142.26552pt.
 [25 <./3_1/add_constG1.jpg> <./3_1/nadd_constG1.jpg> <./3_1/add_constG2.jpg> <
./3_1/nadd_constG2.jpg>]
Overfull \hbox (18.88599pt too wide) in paragraph at lines 805--806
[][][][][][][][][][][][][][][][][][][][] 
 []


Overfull \hbox (58.3063pt too wide) in paragraph at lines 809--810
[][][][][][][][][][][][][][][][][][][][][][][][] 
 []

[26]
Overfull \hbox (18.88599pt too wide) in paragraph at lines 840--841
[][][][][][][][][][][][][][][][][][][][][][][][][][][][][][][][][] 
 []

[27]
Underfull \hbox (badness 10000) in paragraph at lines 866--872

 []

[28]
File: 2_2/ResolG1.jpg Graphic file (type jpg)
<use 2_2/ResolG1.jpg>
Package pdftex.def Info: 2_2/ResolG1.jpg  used on input line 918.
(pdftex.def)             Requested size: 170.72159pt x 170.7198pt.
File: 2_2/ResolG2.jpg Graphic file (type jpg)
<use 2_2/ResolG2.jpg>
Package pdftex.def Info: 2_2/ResolG2.jpg  used on input line 919.
(pdftex.def)             Requested size: 170.71594pt x 170.73796pt.
<3_2/add_twoG1.jpg, id=815, 80.3pt x 72.47075pt>
File: 3_2/add_twoG1.jpg Graphic file (type jpg)
<use 3_2/add_twoG1.jpg>
Package pdftex.def Info: 3_2/add_twoG1.jpg  used on input line 924.
(pdftex.def)             Requested size: 170.72159pt x 170.7198pt.
<3_2/nadd_twoG1.jpg, id=816, 80.3pt x 72.47075pt>
File: 3_2/nadd_twoG1.jpg Graphic file (type jpg)
<use 3_2/nadd_twoG1.jpg>
Package pdftex.def Info: 3_2/nadd_twoG1.jpg  used on input line 925.
(pdftex.def)             Requested size: 170.72159pt x 170.7198pt.
 [29 <./3_2/add_twoG1.jpg> <./3_2/nadd_twoG1.jpg>]
File: 2_2/ResolG3.jpg Graphic file (type jpg)
<use 2_2/ResolG3.jpg>
Package pdftex.def Info: 2_2/ResolG3.jpg  used on input line 932.
(pdftex.def)             Requested size: 170.71051pt x 170.71548pt.
File: 2_2/ResolG4.jpg Graphic file (type jpg)
<use 2_2/ResolG4.jpg>
Package pdftex.def Info: 2_2/ResolG4.jpg  used on input line 933.
(pdftex.def)             Requested size: 170.71051pt x 170.71548pt.
<3_2/add_twoG2.jpg, id=823, 607.26875pt x 513.92pt>
File: 3_2/add_twoG2.jpg Graphic file (type jpg)
<use 3_2/add_twoG2.jpg>
Package pdftex.def Info: 3_2/add_twoG2.jpg  used on input line 938.
(pdftex.def)             Requested size: 170.71051pt x 170.71548pt.
<3_2/nadd_twoG2.jpg, id=824, 607.26875pt x 513.92pt>
File: 3_2/nadd_twoG2.jpg Graphic file (type jpg)
<use 3_2/nadd_twoG2.jpg>
Package pdftex.def Info: 3_2/nadd_twoG2.jpg  used on input line 939.
(pdftex.def)             Requested size: 170.71051pt x 170.71548pt.
 [30 <./3_2/add_twoG2.jpg> <./3_2/nadd_twoG2.jpg>]
Overfull \hbox (32.0261pt too wide) in paragraph at lines 965--966
[][][][][][][][][][][][][][][][][][][][][][][][] 
 []


Overfull \hbox (32.0261pt too wide) in paragraph at lines 977--979
[][][][][][][][][][][][][][][][][][][][][][][][][][][] 
 []

[31]
Overfull \hbox (45.1662pt too wide) in paragraph at lines 996--997
[][][][][][][][][][][][][][][][][][][][][][][][][][][][][][] 
 []

[32]
Underfull \hbox (badness 10000) in paragraph at lines 1023--1029

 []

[33]
File: orgi/gMessi.jpg Graphic file (type jpg)
<use orgi/gMessi.jpg>
Package pdftex.def Info: orgi/gMessi.jpg  used on input line 1060.
(pdftex.def)             Requested size: 142.26353pt x 142.3027pt.
<3_3/multi_constG1.jpg, id=926, 96.36pt x 54.2025pt>
File: 3_3/multi_constG1.jpg Graphic file (type jpg)
<use 3_3/multi_constG1.jpg>
Package pdftex.def Info: 3_3/multi_constG1.jpg  used on input line 1061.
(pdftex.def)             Requested size: 142.26353pt x 142.3027pt.
<3_3/nmulti_constG1.jpg, id=927, 96.36pt x 54.2025pt>
File: 3_3/nmulti_constG1.jpg Graphic file (type jpg)
<use 3_3/nmulti_constG1.jpg>
Package pdftex.def Info: 3_3/nmulti_constG1.jpg  used on input line 1062.
(pdftex.def)             Requested size: 142.26353pt x 142.3027pt.
File: orgi/gLU.jpg Graphic file (type jpg)
<use orgi/gLU.jpg>
Package pdftex.def Info: orgi/gLU.jpg  used on input line 1068.
(pdftex.def)             Requested size: 142.2634pt x 142.26552pt.
<3_3/multi_constG2.jpg, id=928, 607.26875pt x 513.92pt>
File: 3_3/multi_constG2.jpg Graphic file (type jpg)
<use 3_3/multi_constG2.jpg>
Package pdftex.def Info: 3_3/multi_constG2.jpg  used on input line 1069.
(pdftex.def)             Requested size: 142.2634pt x 142.26552pt.
<3_3/nmulti_constG2.jpg, id=929, 607.26875pt x 513.92pt>
File: 3_3/nmulti_constG2.jpg Graphic file (type jpg)
<use 3_3/nmulti_constG2.jpg>
Package pdftex.def Info: 3_3/nmulti_constG2.jpg  used on input line 1070.
(pdftex.def)             Requested size: 142.2634pt x 142.26552pt.
 [34 <./3_3/multi_constG1.jpg> <./3_3/nmulti_constG1.jpg> <./3_3/multi_constG2.
jpg> <./3_3/nmulti_constG2.jpg>]
Overfull \hbox (25.45604pt too wide) in paragraph at lines 1090--1091
[][][][][][][][][][][][][][][][][][][][][][] 
 []


Overfull \hbox (18.88599pt too wide) in paragraph at lines 1098--1099
[][][][][][][][][][][][][][][][][][][][] 
 []


Overfull \hbox (51.73625pt too wide) in paragraph at lines 1102--1103
[][][][][][][][][][][][][][][][][][][][][][][][] 
 []


Overfull \hbox (12.31593pt too wide) in paragraph at lines 1117--1118
[][][][][][][][][][][][][][][][][][][][][][][][][] 
 []

[35] [36]
Underfull \hbox (badness 10000) in paragraph at lines 1144--1150

 []

[37]
File: 2_2/ResolG1.jpg Graphic file (type jpg)
<use 2_2/ResolG1.jpg>
Package pdftex.def Info: 2_2/ResolG1.jpg  used on input line 1193.
(pdftex.def)             Requested size: 170.72159pt x 170.7198pt.
File: 2_2/ResolG2.jpg Graphic file (type jpg)
<use 2_2/ResolG2.jpg>
Package pdftex.def Info: 2_2/ResolG2.jpg  used on input line 1194.
(pdftex.def)             Requested size: 170.71594pt x 170.73796pt.
<3_4/multi_twoG1.jpg, id=1034, 80.3pt x 72.47075pt>
File: 3_4/multi_twoG1.jpg Graphic file (type jpg)
<use 3_4/multi_twoG1.jpg>
Package pdftex.def Info: 3_4/multi_twoG1.jpg  used on input line 1199.
(pdftex.def)             Requested size: 170.72159pt x 170.7198pt.
<3_4/nmulti_twoG1.jpg, id=1035, 80.3pt x 72.47075pt>
File: 3_4/nmulti_twoG1.jpg Graphic file (type jpg)
<use 3_4/nmulti_twoG1.jpg>
Package pdftex.def Info: 3_4/nmulti_twoG1.jpg  used on input line 1200.
(pdftex.def)             Requested size: 170.72159pt x 170.7198pt.
 [38 <./3_4/multi_twoG1.jpg> <./3_4/nmulti_twoG1.jpg>]
File: 2_2/ResolG3.jpg Graphic file (type jpg)
<use 2_2/ResolG3.jpg>
Package pdftex.def Info: 2_2/ResolG3.jpg  used on input line 1207.
(pdftex.def)             Requested size: 170.71051pt x 170.71548pt.
File: 2_2/ResolG4.jpg Graphic file (type jpg)
<use 2_2/ResolG4.jpg>
Package pdftex.def Info: 2_2/ResolG4.jpg  used on input line 1208.
(pdftex.def)             Requested size: 170.71051pt x 170.71548pt.
<3_4/multi_twoG2.jpg, id=1042, 607.26875pt x 513.92pt>
File: 3_4/multi_twoG2.jpg Graphic file (type jpg)
<use 3_4/multi_twoG2.jpg>
Package pdftex.def Info: 3_4/multi_twoG2.jpg  used on input line 1213.
(pdftex.def)             Requested size: 170.71051pt x 170.71548pt.
<3_4/nmulti_twoG2.jpg, id=1043, 607.26875pt x 513.92pt>
File: 3_4/nmulti_twoG2.jpg Graphic file (type jpg)
<use 3_4/nmulti_twoG2.jpg>
Package pdftex.def Info: 3_4/nmulti_twoG2.jpg  used on input line 1214.
(pdftex.def)             Requested size: 170.71051pt x 170.71548pt.
 [39 <./3_4/multi_twoG2.jpg> <./3_4/nmulti_twoG2.jpg>]
Overfull \hbox (25.45604pt too wide) in paragraph at lines 1242--1243
[][][][][][][][][][][][][][][][][][][][][][][][] 
 []

[40] [41]
Underfull \hbox (badness 10000) in paragraph at lines 1283--1290

 []

[42]
File: 2_2/ResolG1.jpg Graphic file (type jpg)
<use 2_2/ResolG1.jpg>
Package pdftex.def Info: 2_2/ResolG1.jpg  used on input line 1329.
(pdftex.def)             Requested size: 170.72159pt x 170.7198pt.
File: 2_2/ResolG2.jpg Graphic file (type jpg)
<use 2_2/ResolG2.jpg>
Package pdftex.def Info: 2_2/ResolG2.jpg  used on input line 1330.
(pdftex.def)             Requested size: 170.71594pt x 170.73796pt.
<3_5/mixG1.jpg, id=1140, 80.3pt x 72.47075pt>
File: 3_5/mixG1.jpg Graphic file (type jpg)
<use 3_5/mixG1.jpg>
Package pdftex.def Info: 3_5/mixG1.jpg  used on input line 1335.
(pdftex.def)             Requested size: 170.72159pt x 170.7198pt.
 [43 <./3_5/mixG1.jpg>]
File: 2_2/ResolG3.jpg Graphic file (type jpg)
<use 2_2/ResolG3.jpg>
Package pdftex.def Info: 2_2/ResolG3.jpg  used on input line 1344.
(pdftex.def)             Requested size: 170.71051pt x 170.71548pt.
File: 2_2/ResolG4.jpg Graphic file (type jpg)
<use 2_2/ResolG4.jpg>
Package pdftex.def Info: 2_2/ResolG4.jpg  used on input line 1345.
(pdftex.def)             Requested size: 170.71051pt x 170.71548pt.
<3_5/mixG2.jpg, id=1148, 607.26875pt x 513.92pt>
File: 3_5/mixG2.jpg Graphic file (type jpg)
<use 3_5/mixG2.jpg>
Package pdftex.def Info: 3_5/mixG2.jpg  used on input line 1350.
(pdftex.def)             Requested size: 170.71051pt x 170.71548pt.
 [44 <./3_5/mixG2.jpg>]
Overfull \hbox (32.0261pt too wide) in paragraph at lines 1384--1385
[][][][][][][][][][][][][][][][][][][][][][][][] 
 []

[45]
Underfull \hbox (badness 10000) in paragraph at lines 1407--1412

 []


Underfull \hbox (badness 10000) in paragraph at lines 1407--1412

 []

File: orgi/gMessi.jpg Graphic file (type jpg)
<use orgi/gMessi.jpg>
Package pdftex.def Info: orgi/gMessi.jpg  used on input line 1436.
(pdftex.def)             Requested size: 142.26353pt x 142.3027pt.
<3_6/powG1.jpg, id=1198, 96.36pt x 54.2025pt>
File: 3_6/powG1.jpg Graphic file (type jpg)
<use 3_6/powG1.jpg>
Package pdftex.def Info: 3_6/powG1.jpg  used on input line 1437.
(pdftex.def)             Requested size: 142.26353pt x 142.3027pt.
<3_6/npowG1.jpg, id=1199, 96.36pt x 54.2025pt>
File: 3_6/npowG1.jpg Graphic file (type jpg)
<use 3_6/npowG1.jpg>
Package pdftex.def Info: 3_6/npowG1.jpg  used on input line 1438.
(pdftex.def)             Requested size: 142.26353pt x 142.3027pt.
File: orgi/gLU.jpg Graphic file (type jpg)
<use orgi/gLU.jpg>
Package pdftex.def Info: orgi/gLU.jpg  used on input line 1444.
(pdftex.def)             Requested size: 142.2634pt x 142.26552pt.
<3_6/powG2.jpg, id=1200, 607.26875pt x 513.92pt>
File: 3_6/powG2.jpg Graphic file (type jpg)
<use 3_6/powG2.jpg>
Package pdftex.def Info: 3_6/powG2.jpg  used on input line 1445.
(pdftex.def)             Requested size: 142.2634pt x 142.26552pt.
<3_6/npowG2.jpg, id=1201, 607.26875pt x 513.92pt>
File: 3_6/npowG2.jpg Graphic file (type jpg)
<use 3_6/npowG2.jpg>
Package pdftex.def Info: 3_6/npowG2.jpg  used on input line 1446.
(pdftex.def)             Requested size: 142.2634pt x 142.26552pt.

LaTeX Warning: `h' float specifier changed to `ht'.

[46 <./3_6/powG1.jpg> <./3_6/npowG1.jpg>]
Overfull \hbox (12.31593pt too wide) in paragraph at lines 1466--1467
[][][][][][][][][][][][][][][][][][][][][][] 
 []

[47 <./3_6/powG2.jpg> <./3_6/npowG2.jpg>]
Overfull \hbox (38.59615pt too wide) in paragraph at lines 1490--1491
[][][][][][][][][][][][][][][][][][][][][][][][][][][][] 
 []

[48]
Overfull \hbox (17.27559pt too wide) in paragraph at lines 1520--1521
[]\T1/qtm/m/n/10.95 Wybierz naj-wi¦k-sz¡ su-m¦ $\OML/cmm/m/it/10.95 Q[]$ \T1/qt
m/m/n/10.95 i po-licz rów-na-nia $\OML/cmm/m/it/10.95 Q\OT1/cmr/m/n/10.95 [\OML
/cmm/m/it/10.95 i; j\OT1/cmr/m/n/10.95 ] = (\OML/cmm/m/it/10.95 S\OMS/qtm/m/n/1
0.95 $\T1/qtm/m/n/10.95 maksymalna gª¦-bia koloru$\OT1/cmr/m/n/10.95 )\OML/cmm
/m/it/10.95 =Q[]$\T1/qtm/m/n/10.95 .
 []

File: orgi/gMessi.jpg Graphic file (type jpg)
<use orgi/gMessi.jpg>
Package pdftex.def Info: orgi/gMessi.jpg  used on input line 1548.
(pdftex.def)             Requested size: 142.26353pt x 142.3027pt.
<3_7/div_constG1.jpg, id=1281, 96.36pt x 54.2025pt>
File: 3_7/div_constG1.jpg Graphic file (type jpg)
<use 3_7/div_constG1.jpg>
Package pdftex.def Info: 3_7/div_constG1.jpg  used on input line 1549.
(pdftex.def)             Requested size: 142.26353pt x 142.3027pt.
<3_7/ndiv_constG1.jpg, id=1282, 96.36pt x 54.2025pt>
File: 3_7/ndiv_constG1.jpg Graphic file (type jpg)
<use 3_7/ndiv_constG1.jpg>
Package pdftex.def Info: 3_7/ndiv_constG1.jpg  used on input line 1550.
(pdftex.def)             Requested size: 142.26353pt x 142.3027pt.
File: orgi/gLU.jpg Graphic file (type jpg)
<use orgi/gLU.jpg>
Package pdftex.def Info: orgi/gLU.jpg  used on input line 1556.
(pdftex.def)             Requested size: 142.2634pt x 142.26552pt.
<3_7/div_constG2.jpg, id=1283, 607.26875pt x 513.92pt>
File: 3_7/div_constG2.jpg Graphic file (type jpg)
<use 3_7/div_constG2.jpg>
Package pdftex.def Info: 3_7/div_constG2.jpg  used on input line 1557.
(pdftex.def)             Requested size: 142.2634pt x 142.26552pt.
<3_7/ndiv_constG2.jpg, id=1284, 607.26875pt x 513.92pt>
File: 3_7/ndiv_constG2.jpg Graphic file (type jpg)
<use 3_7/ndiv_constG2.jpg>
Package pdftex.def Info: 3_7/ndiv_constG2.jpg  used on input line 1558.
(pdftex.def)             Requested size: 142.2634pt x 142.26552pt.

LaTeX Warning: `h' float specifier changed to `ht'.

[49 <./3_7/div_constG1.jpg> <./3_7/ndiv_constG1.jpg>]
Overfull \hbox (32.0261pt too wide) in paragraph at lines 1591--1592
[][][][][][][][][][][][][][][][][][][][][][][][] 
 []

[50 <./3_7/div_constG2.jpg> <./3_7/ndiv_constG2.jpg>] [51] [52]
File: 2_2/ResolG1.jpg Graphic file (type jpg)
<use 2_2/ResolG1.jpg>
Package pdftex.def Info: 2_2/ResolG1.jpg  used on input line 1677.
(pdftex.def)             Requested size: 170.72159pt x 170.7198pt.
File: 2_2/ResolG2.jpg Graphic file (type jpg)
<use 2_2/ResolG2.jpg>
Package pdftex.def Info: 2_2/ResolG2.jpg  used on input line 1678.
(pdftex.def)             Requested size: 170.71594pt x 170.73796pt.
<3_8/div_twoG1.jpg, id=1398, 80.3pt x 72.47075pt>
File: 3_8/div_twoG1.jpg Graphic file (type jpg)
<use 3_8/div_twoG1.jpg>
Package pdftex.def Info: 3_8/div_twoG1.jpg  used on input line 1683.
(pdftex.def)             Requested size: 170.72159pt x 170.7198pt.
<3_8/ndiv_twoG1.jpg, id=1399, 80.3pt x 72.47075pt>
File: 3_8/ndiv_twoG1.jpg Graphic file (type jpg)
<use 3_8/ndiv_twoG1.jpg>
Package pdftex.def Info: 3_8/ndiv_twoG1.jpg  used on input line 1684.
(pdftex.def)             Requested size: 170.72159pt x 170.7198pt.
 [53 <./3_8/div_twoG1.jpg> <./3_8/ndiv_twoG1.jpg>]
File: 2_2/ResolG3.jpg Graphic file (type jpg)
<use 2_2/ResolG3.jpg>
Package pdftex.def Info: 2_2/ResolG3.jpg  used on input line 1692.
(pdftex.def)             Requested size: 170.71051pt x 170.71548pt.
File: 2_2/ResolG4.jpg Graphic file (type jpg)
<use 2_2/ResolG4.jpg>
Package pdftex.def Info: 2_2/ResolG4.jpg  used on input line 1693.
(pdftex.def)             Requested size: 170.71051pt x 170.71548pt.
<3_8/div_twoG2.jpg, id=1406, 607.26875pt x 513.92pt>
File: 3_8/div_twoG2.jpg Graphic file (type jpg)
<use 3_8/div_twoG2.jpg>
Package pdftex.def Info: 3_8/div_twoG2.jpg  used on input line 1698.
(pdftex.def)             Requested size: 170.71051pt x 170.71548pt.
<3_8/ndiv_twoG2.jpg, id=1407, 607.26875pt x 513.92pt>
File: 3_8/ndiv_twoG2.jpg Graphic file (type jpg)
<use 3_8/ndiv_twoG2.jpg>
Package pdftex.def Info: 3_8/ndiv_twoG2.jpg  used on input line 1699.
(pdftex.def)             Requested size: 170.71051pt x 170.71548pt.
 [54 <./3_8/div_twoG2.jpg> <./3_8/ndiv_twoG2.jpg>]
Overfull \hbox (32.0261pt too wide) in paragraph at lines 1729--1730
[][][][][][][][][][][][][][][][][][][][][][][][] 
 []


Overfull \hbox (51.73625pt too wide) in paragraph at lines 1734--1736
[][][][][][][][][][][][][][][][][][][][][][][][][][][] 
 []


Overfull \hbox (51.73625pt too wide) in paragraph at lines 1741--1743
[][][][][][][][][][][][][][][][][][][][][][][][][][][] 
 []

[55] [56]
Underfull \hbox (badness 10000) in paragraph at lines 1768--1774

 []


Underfull \hbox (badness 10000) in paragraph at lines 1768--1774

 []

[57]
File: orgi/gMessi.jpg Graphic file (type jpg)
<use orgi/gMessi.jpg>
Package pdftex.def Info: orgi/gMessi.jpg  used on input line 1798.
(pdftex.def)             Requested size: 142.26353pt x 142.3027pt.
<3_9/rootG1.jpg, id=1489, 96.36pt x 54.2025pt>
File: 3_9/rootG1.jpg Graphic file (type jpg)
<use 3_9/rootG1.jpg>
Package pdftex.def Info: 3_9/rootG1.jpg  used on input line 1799.
(pdftex.def)             Requested size: 142.26353pt x 142.3027pt.
<3_9/nrootG1.jpg, id=1490, 96.36pt x 54.2025pt>
File: 3_9/nrootG1.jpg Graphic file (type jpg)
<use 3_9/nrootG1.jpg>
Package pdftex.def Info: 3_9/nrootG1.jpg  used on input line 1800.
(pdftex.def)             Requested size: 142.26353pt x 142.3027pt.
File: orgi/gLU.jpg Graphic file (type jpg)
<use orgi/gLU.jpg>
Package pdftex.def Info: orgi/gLU.jpg  used on input line 1805.
(pdftex.def)             Requested size: 142.2634pt x 142.26552pt.
<3_9/rootG2.jpg, id=1491, 607.26875pt x 513.92pt>
File: 3_9/rootG2.jpg Graphic file (type jpg)
<use 3_9/rootG2.jpg>
Package pdftex.def Info: 3_9/rootG2.jpg  used on input line 1806.
(pdftex.def)             Requested size: 142.2634pt x 142.26552pt.
<3_9/nrootG2.jpg, id=1492, 607.26875pt x 513.92pt>
File: 3_9/nrootG2.jpg Graphic file (type jpg)
<use 3_9/nrootG2.jpg>
Package pdftex.def Info: 3_9/nrootG2.jpg  used on input line 1807.
(pdftex.def)             Requested size: 142.2634pt x 142.26552pt.
 [58 <./3_9/rootG1.jpg> <./3_9/nrootG1.jpg> <./3_9/rootG2.jpg> <./3_9/nrootG2.j
pg>]
Overfull \hbox (38.59615pt too wide) in paragraph at lines 1847--1848
[][][][][][][][][][][][][][][][][][][][][][][][][][][][] 
 []

[59] [60]
Underfull \hbox (badness 10000) in paragraph at lines 1873--1879

 []


Underfull \hbox (badness 10000) in paragraph at lines 1873--1879

 []

[61]
File: orgi/gMessi.jpg Graphic file (type jpg)
<use orgi/gMessi.jpg>
Package pdftex.def Info: orgi/gMessi.jpg  used on input line 1902.
(pdftex.def)             Requested size: 142.26353pt x 142.3027pt.
<3_10/logG1.jpg, id=1572, 96.36pt x 54.2025pt>
File: 3_10/logG1.jpg Graphic file (type jpg)
<use 3_10/logG1.jpg>
Package pdftex.def Info: 3_10/logG1.jpg  used on input line 1903.
(pdftex.def)             Requested size: 142.26353pt x 142.3027pt.
<3_10/nlogG1.jpg, id=1573, 96.36pt x 54.2025pt>
File: 3_10/nlogG1.jpg Graphic file (type jpg)
<use 3_10/nlogG1.jpg>
Package pdftex.def Info: 3_10/nlogG1.jpg  used on input line 1904.
(pdftex.def)             Requested size: 142.26353pt x 142.3027pt.
File: orgi/gLU.jpg Graphic file (type jpg)
<use orgi/gLU.jpg>
Package pdftex.def Info: orgi/gLU.jpg  used on input line 1910.
(pdftex.def)             Requested size: 142.2634pt x 142.26552pt.
<3_10/logG2.jpg, id=1574, 607.26875pt x 513.92pt>
File: 3_10/logG2.jpg Graphic file (type jpg)
<use 3_10/logG2.jpg>
Package pdftex.def Info: 3_10/logG2.jpg  used on input line 1911.
(pdftex.def)             Requested size: 142.2634pt x 142.26552pt.
<3_10/nlogG2.jpg, id=1575, 607.26875pt x 513.92pt>
File: 3_10/nlogG2.jpg Graphic file (type jpg)
<use 3_10/nlogG2.jpg>
Package pdftex.def Info: 3_10/nlogG2.jpg  used on input line 1912.
(pdftex.def)             Requested size: 142.2634pt x 142.26552pt.
 [62 <./3_10/logG1.jpg> <./3_10/nlogG1.jpg> <./3_10/logG2.jpg> <./3_10/nlogG2.j
pg>]
Overfull \hbox (58.3063pt too wide) in paragraph at lines 1949--1951
[][][][][][][][][][][][][][][][][][][][][][][][] 
 []

[63]
Rozdzia\PlPrIeC {\l } 4.

Underfull \hbox (badness 10000) in paragraph at lines 1976--1985

 []

[64

]
File: orgi/RGBMessi.jpg Graphic file (type jpg)
<use orgi/RGBMessi.jpg>
Package pdftex.def Info: orgi/RGBMessi.jpg  used on input line 2025.
(pdftex.def)             Requested size: 142.26926pt x 142.26895pt.
<4_1/addconstRGB1.jpg, id=1642, 114.4275pt x 85.5195pt>
File: 4_1/addconstRGB1.jpg Graphic file (type jpg)
<use 4_1/addconstRGB1.jpg>
Package pdftex.def Info: 4_1/addconstRGB1.jpg  used on input line 2026.
(pdftex.def)             Requested size: 142.26926pt x 142.26895pt.
<4_1/naddconstRGB1.jpg, id=1643, 114.4275pt x 85.5195pt>
File: 4_1/naddconstRGB1.jpg Graphic file (type jpg)
<use 4_1/naddconstRGB1.jpg>
Package pdftex.def Info: 4_1/naddconstRGB1.jpg  used on input line 2027.
(pdftex.def)             Requested size: 142.26926pt x 142.26895pt.
File: orgi/RGBkulki.jpg Graphic file (type jpg)
<use orgi/RGBkulki.jpg>
Package pdftex.def Info: orgi/RGBkulki.jpg  used on input line 2032.
(pdftex.def)             Requested size: 142.28119pt x 142.28119pt.
<4_1/addconstRGB2.jpg, id=1644, 108.405pt x 108.405pt>
File: 4_1/addconstRGB2.jpg Graphic file (type jpg)
<use 4_1/addconstRGB2.jpg>
Package pdftex.def Info: 4_1/addconstRGB2.jpg  used on input line 2033.
(pdftex.def)             Requested size: 142.28119pt x 142.28119pt.
<4_1/naddconstRGB2.jpg, id=1645, 108.405pt x 108.405pt>
File: 4_1/naddconstRGB2.jpg Graphic file (type jpg)
<use 4_1/naddconstRGB2.jpg>
Package pdftex.def Info: 4_1/naddconstRGB2.jpg  used on input line 2034.
(pdftex.def)             Requested size: 142.28119pt x 142.28119pt.
 [65 <./4_1/addconstRGB1.jpg> <./4_1/naddconstRGB1.jpg> <./4_1/addconstRGB2.jpg
> <./4_1/naddconstRGB2.jpg>] [66]
Overfull \hbox (18.88599pt too wide) in paragraph at lines 2093--2094
[][][][][][][][][][][][][][][][][][][][][][][][][][][][][][][][][] 
 []


Overfull \hbox (18.88599pt too wide) in paragraph at lines 2095--2096
[][][][][][][][][][][][][][][][][][][][][][][][][][][][][][][][][] 
 []


Overfull \hbox (18.88599pt too wide) in paragraph at lines 2097--2099
[][][][][][][][][][][][][][][][][][][][][][][][][][][][][][][][][] 
 []

[67]
Underfull \hbox (badness 10000) in paragraph at lines 2129--2135

 []

[68] [69]
File: 2_4/ResolRGB1.jpg Graphic file (type jpg)
<use 2_4/ResolRGB1.jpg>
Package pdftex.def Info: 2_4/ResolRGB1.jpg  used on input line 2187.
(pdftex.def)             Requested size: 170.72415pt x 170.72275pt.
File: 2_4/ResolRGB2.jpg Graphic file (type jpg)
<use 2_4/ResolRGB2.jpg>
Package pdftex.def Info: 2_4/ResolRGB2.jpg  used on input line 2188.
(pdftex.def)             Requested size: 170.71718pt x 170.72441pt.
<4_2/add_twoRGB1.jpg, id=1787, 114.4275pt x 85.5195pt>
File: 4_2/add_twoRGB1.jpg Graphic file (type jpg)
<use 4_2/add_twoRGB1.jpg>
Package pdftex.def Info: 4_2/add_twoRGB1.jpg  used on input line 2193.
(pdftex.def)             Requested size: 170.72415pt x 170.72275pt.
<4_2/nadd_twoRGB1.jpg, id=1788, 114.4275pt x 85.5195pt>
File: 4_2/nadd_twoRGB1.jpg Graphic file (type jpg)
<use 4_2/nadd_twoRGB1.jpg>
Package pdftex.def Info: 4_2/nadd_twoRGB1.jpg  used on input line 2194.
(pdftex.def)             Requested size: 170.72415pt x 170.72275pt.
 [70 <./4_2/add_twoRGB1.jpg> <./4_2/nadd_twoRGB1.jpg>]
File: 2_4/ResolRGB3.jpg Graphic file (type jpg)
<use 2_4/ResolRGB3.jpg>
Package pdftex.def Info: 2_4/ResolRGB3.jpg  used on input line 2201.
(pdftex.def)             Requested size: 170.73325pt x 170.7371pt.
File: 2_4/ResolRGB4.jpg Graphic file (type jpg)
<use 2_4/ResolRGB4.jpg>
Package pdftex.def Info: 2_4/ResolRGB4.jpg  used on input line 2202.
(pdftex.def)             Requested size: 170.73325pt x 170.7371pt.
<4_2/add_twoRGB2.jpg, id=1795, 120.45pt x 108.405pt>
File: 4_2/add_twoRGB2.jpg Graphic file (type jpg)
<use 4_2/add_twoRGB2.jpg>
Package pdftex.def Info: 4_2/add_twoRGB2.jpg  used on input line 2207.
(pdftex.def)             Requested size: 170.73325pt x 170.7371pt.
<4_2/nadd_twoRGB2.jpg, id=1796, 120.45pt x 108.405pt>
File: 4_2/nadd_twoRGB2.jpg Graphic file (type jpg)
<use 4_2/nadd_twoRGB2.jpg>
Package pdftex.def Info: 4_2/nadd_twoRGB2.jpg  used on input line 2208.
(pdftex.def)             Requested size: 170.73325pt x 170.7371pt.
 [71 <./4_2/add_twoRGB2.jpg> <./4_2/nadd_twoRGB2.jpg>]
Overfull \hbox (18.88599pt too wide) in paragraph at lines 2234--2235
[][][][][][][][][][][][][][][][][][][][][][][][] 
 []


Overfull \hbox (38.59615pt too wide) in paragraph at lines 2245--2246
[][][][][][][][][][][][][][][][][][][][][][][][][][][] 
 []


Overfull \hbox (38.59615pt too wide) in paragraph at lines 2246--2247
[][][][][][][][][][][][][][][][][][][][][][][][][][][] 
 []


Overfull \hbox (38.59615pt too wide) in paragraph at lines 2247--2249
[][][][][][][][][][][][][][][][][][][][][][][][][][][] 
 []


Overfull \hbox (45.1662pt too wide) in paragraph at lines 2263--2265
[][][][][][][][][][][][][][][][][][][][][][][][][][][][][][] 
 []

[72]
Overfull \hbox (45.1662pt too wide) in paragraph at lines 2269--2270
[][][][][][][][][][][][][][][][][][][][][][][][][][][][][][] 
 []


Overfull \hbox (45.1662pt too wide) in paragraph at lines 2274--2275
[][][][][][][][][][][][][][][][][][][][][][][][][][][][][][] 
 []

[73]
Underfull \hbox (badness 10000) in paragraph at lines 2302--2308

 []

[74]
File: orgi/RGBMessi.jpg Graphic file (type jpg)
<use orgi/RGBMessi.jpg>
Package pdftex.def Info: orgi/RGBMessi.jpg  used on input line 2340.
(pdftex.def)             Requested size: 142.26926pt x 142.26895pt.
<4_3/multiconstRGB1.jpg, id=1910, 114.4275pt x 85.5195pt>
File: 4_3/multiconstRGB1.jpg Graphic file (type jpg)
<use 4_3/multiconstRGB1.jpg>
Package pdftex.def Info: 4_3/multiconstRGB1.jpg  used on input line 2341.
(pdftex.def)             Requested size: 142.26926pt x 142.26895pt.
<4_3/nmulticonstRGB1.jpg, id=1911, 114.4275pt x 85.5195pt>
File: 4_3/nmulticonstRGB1.jpg Graphic file (type jpg)
<use 4_3/nmulticonstRGB1.jpg>
Package pdftex.def Info: 4_3/nmulticonstRGB1.jpg  used on input line 2342.
(pdftex.def)             Requested size: 142.26926pt x 142.26895pt.
File: orgi/RGBkulki.jpg Graphic file (type jpg)
<use orgi/RGBkulki.jpg>
Package pdftex.def Info: orgi/RGBkulki.jpg  used on input line 2348.
(pdftex.def)             Requested size: 142.28119pt x 142.28119pt.
<4_3/multiconstRGB2.jpg, id=1912, 108.405pt x 108.405pt>
File: 4_3/multiconstRGB2.jpg Graphic file (type jpg)
<use 4_3/multiconstRGB2.jpg>
Package pdftex.def Info: 4_3/multiconstRGB2.jpg  used on input line 2349.
(pdftex.def)             Requested size: 142.28119pt x 142.28119pt.
<4_3/nmulticonstRGB2.jpg, id=1913, 108.405pt x 108.405pt>
File: 4_3/nmulticonstRGB2.jpg Graphic file (type jpg)
<use 4_3/nmulticonstRGB2.jpg>
Package pdftex.def Info: 4_3/nmulticonstRGB2.jpg  used on input line 2350.
(pdftex.def)             Requested size: 142.28119pt x 142.28119pt.
 [75 <./4_3/multiconstRGB1.jpg> <./4_3/nmulticonstRGB1.jpg> <./4_3/multiconstRG
B2.jpg> <./4_3/nmulticonstRGB2.jpg>]
Overfull \hbox (38.59615pt too wide) in paragraph at lines 2382--2383
[][][][][][][][][][][][][][][][][][][][][][][][] 
 []


Overfull \hbox (18.88599pt too wide) in paragraph at lines 2397--2398
[][][][][][][][][][][][][][][][][][][][][][][][][] 
 []


Overfull \hbox (18.88599pt too wide) in paragraph at lines 2405--2406
[][][][][][][][][][][][][][][][][][][][][][][][][] 
 []

[76]
Overfull \hbox (18.88599pt too wide) in paragraph at lines 2413--2414
[][][][][][][][][][][][][][][][][][][][][][][][][] 
 []

[77]
Underfull \hbox (badness 10000) in paragraph at lines 2434--2440

 []

[78]
File: 2_4/ResolRGB1.jpg Graphic file (type jpg)
<use 2_4/ResolRGB1.jpg>
Package pdftex.def Info: 2_4/ResolRGB1.jpg  used on input line 2482.
(pdftex.def)             Requested size: 170.72415pt x 170.72275pt.
File: 2_4/ResolRGB2.jpg Graphic file (type jpg)
<use 2_4/ResolRGB2.jpg>
Package pdftex.def Info: 2_4/ResolRGB2.jpg  used on input line 2483.
(pdftex.def)             Requested size: 170.71718pt x 170.72441pt.
<4_4/multi_twoRGB1.jpg, id=2026, 114.4275pt x 85.5195pt>
File: 4_4/multi_twoRGB1.jpg Graphic file (type jpg)
<use 4_4/multi_twoRGB1.jpg>
Package pdftex.def Info: 4_4/multi_twoRGB1.jpg  used on input line 2488.
(pdftex.def)             Requested size: 170.72415pt x 170.72275pt.
<4_4/nmulti_twoRGB1.jpg, id=2027, 114.4275pt x 85.5195pt>
File: 4_4/nmulti_twoRGB1.jpg Graphic file (type jpg)
<use 4_4/nmulti_twoRGB1.jpg>
Package pdftex.def Info: 4_4/nmulti_twoRGB1.jpg  used on input line 2489.
(pdftex.def)             Requested size: 170.72415pt x 170.72275pt.
 [79 <./4_4/multi_twoRGB1.jpg> <./4_4/nmulti_twoRGB1.jpg>]
File: 2_4/ResolRGB3.jpg Graphic file (type jpg)
<use 2_4/ResolRGB3.jpg>
Package pdftex.def Info: 2_4/ResolRGB3.jpg  used on input line 2496.
(pdftex.def)             Requested size: 170.73325pt x 170.7371pt.
File: 2_4/ResolRGB4.jpg Graphic file (type jpg)
<use 2_4/ResolRGB4.jpg>
Package pdftex.def Info: 2_4/ResolRGB4.jpg  used on input line 2497.
(pdftex.def)             Requested size: 170.73325pt x 170.7371pt.
<4_4/multi_twoRGB2.jpg, id=2035, 120.45pt x 108.405pt>
File: 4_4/multi_twoRGB2.jpg Graphic file (type jpg)
<use 4_4/multi_twoRGB2.jpg>
Package pdftex.def Info: 4_4/multi_twoRGB2.jpg  used on input line 2502.
(pdftex.def)             Requested size: 170.73325pt x 170.7371pt.
<4_4/nmulti_twoRGB2.jpg, id=2036, 120.45pt x 108.405pt>
File: 4_4/nmulti_twoRGB2.jpg Graphic file (type jpg)
<use 4_4/nmulti_twoRGB2.jpg>
Package pdftex.def Info: 4_4/nmulti_twoRGB2.jpg  used on input line 2503.
(pdftex.def)             Requested size: 170.73325pt x 170.7371pt.
 [80 <./4_4/multi_twoRGB2.jpg> <./4_4/nmulti_twoRGB2.jpg>]
Overfull \hbox (12.31593pt too wide) in paragraph at lines 2531--2532
[][][][][][][][][][][][][][][][][][][][][][][][] 
 []

[81] [82]
Underfull \hbox (badness 10000) in paragraph at lines 2594--2601

 []

[83]
File: 2_4/ResolRGB1.jpg Graphic file (type jpg)
<use 2_4/ResolRGB1.jpg>
Package pdftex.def Info: 2_4/ResolRGB1.jpg  used on input line 2639.
(pdftex.def)             Requested size: 170.72415pt x 170.72275pt.
File: 2_4/ResolRGB2.jpg Graphic file (type jpg)
<use 2_4/ResolRGB2.jpg>
Package pdftex.def Info: 2_4/ResolRGB2.jpg  used on input line 2640.
(pdftex.def)             Requested size: 170.71718pt x 170.72441pt.
<4_5/mixRGB1.jpg, id=2153, 114.4275pt x 85.5195pt>
File: 4_5/mixRGB1.jpg Graphic file (type jpg)
<use 4_5/mixRGB1.jpg>
Package pdftex.def Info: 4_5/mixRGB1.jpg  used on input line 2645.
(pdftex.def)             Requested size: 170.72415pt x 170.72275pt.
 [84 <./4_5/mixRGB1.jpg>]
File: 2_4/ResolRGB3.jpg Graphic file (type jpg)
<use 2_4/ResolRGB3.jpg>
Package pdftex.def Info: 2_4/ResolRGB3.jpg  used on input line 2653.
(pdftex.def)             Requested size: 170.73325pt x 170.7371pt.
File: 2_4/ResolRGB4.jpg Graphic file (type jpg)
<use 2_4/ResolRGB4.jpg>
Package pdftex.def Info: 2_4/ResolRGB4.jpg  used on input line 2654.
(pdftex.def)             Requested size: 170.73325pt x 170.7371pt.
<4_5/mixRGB2.jpg, id=2160, 120.45pt x 108.405pt>
File: 4_5/mixRGB2.jpg Graphic file (type jpg)
<use 4_5/mixRGB2.jpg>
Package pdftex.def Info: 4_5/mixRGB2.jpg  used on input line 2659.
(pdftex.def)             Requested size: 170.73325pt x 170.7371pt.
 [85 <./4_5/mixRGB2.jpg>]
Overfull \hbox (18.88599pt too wide) in paragraph at lines 2693--2694
[][][][][][][][][][][][][][][][][][][][][][][][] 
 []

[86]
Underfull \hbox (badness 10000) in paragraph at lines 2721--2726

 []


Underfull \hbox (badness 10000) in paragraph at lines 2721--2726

 []

[87]
File: orgi/RGBMessi.jpg Graphic file (type jpg)
<use orgi/RGBMessi.jpg>
Package pdftex.def Info: orgi/RGBMessi.jpg  used on input line 2750.
(pdftex.def)             Requested size: 142.26926pt x 142.26895pt.
<4_6/powRGB1.jpg, id=2233, 114.4275pt x 85.5195pt>
File: 4_6/powRGB1.jpg Graphic file (type jpg)
<use 4_6/powRGB1.jpg>
Package pdftex.def Info: 4_6/powRGB1.jpg  used on input line 2751.
(pdftex.def)             Requested size: 142.26926pt x 142.26895pt.
<4_6/npowRGB1.jpg, id=2234, 114.4275pt x 85.5195pt>
File: 4_6/npowRGB1.jpg Graphic file (type jpg)
<use 4_6/npowRGB1.jpg>
Package pdftex.def Info: 4_6/npowRGB1.jpg  used on input line 2752.
(pdftex.def)             Requested size: 142.26926pt x 142.26895pt.
File: orgi/RGBkulki.jpg Graphic file (type jpg)
<use orgi/RGBkulki.jpg>
Package pdftex.def Info: orgi/RGBkulki.jpg  used on input line 2758.
(pdftex.def)             Requested size: 142.28119pt x 142.28119pt.
<4_6/powRGB2.jpg, id=2235, 108.405pt x 108.405pt>
File: 4_6/powRGB2.jpg Graphic file (type jpg)
<use 4_6/powRGB2.jpg>
Package pdftex.def Info: 4_6/powRGB2.jpg  used on input line 2759.
(pdftex.def)             Requested size: 142.28119pt x 142.28119pt.
<4_6/npowRGB2.jpg, id=2236, 108.405pt x 108.405pt>
File: 4_6/npowRGB2.jpg Graphic file (type jpg)
<use 4_6/npowRGB2.jpg>
Package pdftex.def Info: 4_6/npowRGB2.jpg  used on input line 2760.
(pdftex.def)             Requested size: 142.28119pt x 142.28119pt.
 [88 <./4_6/powRGB1.jpg> <./4_6/npowRGB1.jpg> <./4_6/powRGB2.jpg> <./4_6/npowRG
B2.jpg>] [89] [90] [91]
File: orgi/RGBMessi.jpg Graphic file (type jpg)
<use orgi/RGBMessi.jpg>
Package pdftex.def Info: orgi/RGBMessi.jpg  used on input line 2891.
(pdftex.def)             Requested size: 142.26926pt x 142.26895pt.
<4_7/divconstRGB1.jpg, id=2351, 114.4275pt x 85.5195pt>
File: 4_7/divconstRGB1.jpg Graphic file (type jpg)
<use 4_7/divconstRGB1.jpg>
Package pdftex.def Info: 4_7/divconstRGB1.jpg  used on input line 2892.
(pdftex.def)             Requested size: 142.26926pt x 142.26895pt.
<4_7/ndivconstRGB1.jpg, id=2352, 114.4275pt x 85.5195pt>
File: 4_7/ndivconstRGB1.jpg Graphic file (type jpg)
<use 4_7/ndivconstRGB1.jpg>
Package pdftex.def Info: 4_7/ndivconstRGB1.jpg  used on input line 2893.
(pdftex.def)             Requested size: 142.26926pt x 142.26895pt.
File: orgi/RGBkulki.jpg Graphic file (type jpg)
<use orgi/RGBkulki.jpg>
Package pdftex.def Info: orgi/RGBkulki.jpg  used on input line 2899.
(pdftex.def)             Requested size: 142.28119pt x 142.28119pt.
<4_7/divconstRGB2.jpg, id=2353, 108.405pt x 108.405pt>
File: 4_7/divconstRGB2.jpg Graphic file (type jpg)
<use 4_7/divconstRGB2.jpg>
Package pdftex.def Info: 4_7/divconstRGB2.jpg  used on input line 2900.
(pdftex.def)             Requested size: 142.28119pt x 142.28119pt.
<4_7/ndivconstRGB2.jpg, id=2354, 108.405pt x 108.405pt>
File: 4_7/ndivconstRGB2.jpg Graphic file (type jpg)
<use 4_7/ndivconstRGB2.jpg>
Package pdftex.def Info: 4_7/ndivconstRGB2.jpg  used on input line 2901.
(pdftex.def)             Requested size: 142.28119pt x 142.28119pt.
 [92 <./4_7/divconstRGB1.jpg> <./4_7/ndivconstRGB1.jpg> <./4_7/divconstRGB2.jpg
> <./4_7/ndivconstRGB2.jpg>]
Overfull \hbox (18.88599pt too wide) in paragraph at lines 2934--2935
[][][][][][][][][][][][][][][][][][][][][][][][] 
 []

[93] [94] [95]
File: 2_4/ResolRGB1.jpg Graphic file (type jpg)
<use 2_4/ResolRGB1.jpg>
Package pdftex.def Info: 2_4/ResolRGB1.jpg  used on input line 3029.
(pdftex.def)             Requested size: 170.72415pt x 170.72275pt.
File: 2_4/ResolRGB2.jpg Graphic file (type jpg)
<use 2_4/ResolRGB2.jpg>
Package pdftex.def Info: 2_4/ResolRGB2.jpg  used on input line 3030.
(pdftex.def)             Requested size: 170.71718pt x 170.72441pt.
<4_8/divtwoRGB1.jpg, id=2462, 114.4275pt x 85.5195pt>
File: 4_8/divtwoRGB1.jpg Graphic file (type jpg)
<use 4_8/divtwoRGB1.jpg>
Package pdftex.def Info: 4_8/divtwoRGB1.jpg  used on input line 3035.
(pdftex.def)             Requested size: 170.72415pt x 170.72275pt.
<4_8/ndivtwoRGB1.jpg, id=2463, 114.4275pt x 85.5195pt>
File: 4_8/ndivtwoRGB1.jpg Graphic file (type jpg)
<use 4_8/ndivtwoRGB1.jpg>
Package pdftex.def Info: 4_8/ndivtwoRGB1.jpg  used on input line 3036.
(pdftex.def)             Requested size: 170.72415pt x 170.72275pt.
 [96 <./4_8/divtwoRGB1.jpg> <./4_8/ndivtwoRGB1.jpg>]
File: 2_4/ResolRGB3.jpg Graphic file (type jpg)
<use 2_4/ResolRGB3.jpg>
Package pdftex.def Info: 2_4/ResolRGB3.jpg  used on input line 3044.
(pdftex.def)             Requested size: 170.73325pt x 170.7371pt.
File: 2_4/ResolRGB4.jpg Graphic file (type jpg)
<use 2_4/ResolRGB4.jpg>
Package pdftex.def Info: 2_4/ResolRGB4.jpg  used on input line 3045.
(pdftex.def)             Requested size: 170.73325pt x 170.7371pt.
<4_8/divtwoRGB2.jpg, id=2470, 120.45pt x 108.405pt>
File: 4_8/divtwoRGB2.jpg Graphic file (type jpg)
<use 4_8/divtwoRGB2.jpg>
Package pdftex.def Info: 4_8/divtwoRGB2.jpg  used on input line 3050.
(pdftex.def)             Requested size: 170.73325pt x 170.7371pt.
<4_8/ndivtwoRGB2.jpg, id=2471, 120.45pt x 108.405pt>
File: 4_8/ndivtwoRGB2.jpg Graphic file (type jpg)
<use 4_8/ndivtwoRGB2.jpg>
Package pdftex.def Info: 4_8/ndivtwoRGB2.jpg  used on input line 3051.
(pdftex.def)             Requested size: 170.73325pt x 170.7371pt.
 [97 <./4_8/divtwoRGB2.jpg> <./4_8/ndivtwoRGB2.jpg>]
Overfull \hbox (18.88599pt too wide) in paragraph at lines 3081--3082
[][][][][][][][][][][][][][][][][][][][][][][][] 
 []


Overfull \hbox (58.3063pt too wide) in paragraph at lines 3086--3087
[][][][][][][][][][][][][][][][][][][][][][][][][][][] 
 []


Overfull \hbox (58.3063pt too wide) in paragraph at lines 3087--3088
[][][][][][][][][][][][][][][][][][][][][][][][][][][] 
 []


Overfull \hbox (58.3063pt too wide) in paragraph at lines 3088--3090
[][][][][][][][][][][][][][][][][][][][][][][][][][][] 
 []


Overfull \hbox (58.3063pt too wide) in paragraph at lines 3095--3096
[][][][][][][][][][][][][][][][][][][][][][][][][][][] 
 []


Overfull \hbox (58.3063pt too wide) in paragraph at lines 3096--3097
[][][][][][][][][][][][][][][][][][][][][][][][][][][] 
 []


Overfull \hbox (58.3063pt too wide) in paragraph at lines 3097--3099
[][][][][][][][][][][][][][][][][][][][][][][][][][][] 
 []

[98] [99]
Underfull \hbox (badness 10000) in paragraph at lines 3132--3137

 []


Underfull \hbox (badness 10000) in paragraph at lines 3132--3137

 []

[100]
File: orgi/RGBMessi.jpg Graphic file (type jpg)
<use orgi/RGBMessi.jpg>
Package pdftex.def Info: orgi/RGBMessi.jpg  used on input line 3161.
(pdftex.def)             Requested size: 142.26926pt x 142.26895pt.
<4_9/rootRGB1.jpg, id=2566, 114.4275pt x 85.5195pt>
File: 4_9/rootRGB1.jpg Graphic file (type jpg)
<use 4_9/rootRGB1.jpg>
Package pdftex.def Info: 4_9/rootRGB1.jpg  used on input line 3162.
(pdftex.def)             Requested size: 142.26926pt x 142.26895pt.
<4_9/nrootRGB1.jpg, id=2567, 114.4275pt x 85.5195pt>
File: 4_9/nrootRGB1.jpg Graphic file (type jpg)
<use 4_9/nrootRGB1.jpg>
Package pdftex.def Info: 4_9/nrootRGB1.jpg  used on input line 3163.
(pdftex.def)             Requested size: 142.26926pt x 142.26895pt.
File: orgi/RGBkulki.jpg Graphic file (type jpg)
<use orgi/RGBkulki.jpg>
Package pdftex.def Info: orgi/RGBkulki.jpg  used on input line 3168.
(pdftex.def)             Requested size: 142.28119pt x 142.28119pt.
<4_9/rootRGB2.jpg, id=2568, 108.405pt x 108.405pt>
File: 4_9/rootRGB2.jpg Graphic file (type jpg)
<use 4_9/rootRGB2.jpg>
Package pdftex.def Info: 4_9/rootRGB2.jpg  used on input line 3169.
(pdftex.def)             Requested size: 142.28119pt x 142.28119pt.
<4_9/nrootRGB2.jpg, id=2569, 108.405pt x 108.405pt>
File: 4_9/nrootRGB2.jpg Graphic file (type jpg)
<use 4_9/nrootRGB2.jpg>
Package pdftex.def Info: 4_9/nrootRGB2.jpg  used on input line 3170.
(pdftex.def)             Requested size: 142.28119pt x 142.28119pt.
 [101 <./4_9/rootRGB1.jpg> <./4_9/nrootRGB1.jpg> <./4_9/rootRGB2.jpg> <./4_9/nr
ootRGB2.jpg>]
Overfull \hbox (5.74588pt too wide) in paragraph at lines 3216--3217
[][][][][][][][][][][][][][][][][][][][][][][][][][] 
 []


Overfull \hbox (5.74588pt too wide) in paragraph at lines 3225--3226
[][][][][][][][][][][][][][][][][][][][][][][][][][] 
 []

[102]
Overfull \hbox (5.74588pt too wide) in paragraph at lines 3234--3235
[][][][][][][][][][][][][][][][][][][][][][][][][][] 
 []

[103]
Underfull \hbox (badness 10000) in paragraph at lines 3266--3272

 []


Underfull \hbox (badness 10000) in paragraph at lines 3266--3272

 []

[104]
File: orgi/RGBMessi.jpg Graphic file (type jpg)
<use orgi/RGBMessi.jpg>
Package pdftex.def Info: orgi/RGBMessi.jpg  used on input line 3296.
(pdftex.def)             Requested size: 142.26926pt x 142.26895pt.
<4_10/logRGB1.jpg, id=2680, 114.4275pt x 85.5195pt>
File: 4_10/logRGB1.jpg Graphic file (type jpg)
<use 4_10/logRGB1.jpg>
Package pdftex.def Info: 4_10/logRGB1.jpg  used on input line 3297.
(pdftex.def)             Requested size: 142.26926pt x 142.26895pt.
<4_10/nlogRGB1.jpg, id=2681, 114.4275pt x 85.5195pt>
File: 4_10/nlogRGB1.jpg Graphic file (type jpg)
<use 4_10/nlogRGB1.jpg>
Package pdftex.def Info: 4_10/nlogRGB1.jpg  used on input line 3298.
(pdftex.def)             Requested size: 142.26926pt x 142.26895pt.
File: orgi/RGBkulki.jpg Graphic file (type jpg)
<use orgi/RGBkulki.jpg>
Package pdftex.def Info: orgi/RGBkulki.jpg  used on input line 3304.
(pdftex.def)             Requested size: 142.28119pt x 142.28119pt.
<4_10/logRGB2.jpg, id=2682, 108.405pt x 108.405pt>
File: 4_10/logRGB2.jpg Graphic file (type jpg)
<use 4_10/logRGB2.jpg>
Package pdftex.def Info: 4_10/logRGB2.jpg  used on input line 3305.
(pdftex.def)             Requested size: 142.28119pt x 142.28119pt.
<4_10/nlogRGB2.jpg, id=2683, 108.405pt x 108.405pt>
File: 4_10/nlogRGB2.jpg Graphic file (type jpg)
<use 4_10/nlogRGB2.jpg>
Package pdftex.def Info: 4_10/nlogRGB2.jpg  used on input line 3306.
(pdftex.def)             Requested size: 142.28119pt x 142.28119pt.
 [105 <./4_10/logRGB1.jpg> <./4_10/nlogRGB1.jpg> <./4_10/logRGB2.jpg> <./4_10/n
logRGB2.jpg>]
Overfull \hbox (64.87636pt too wide) in paragraph at lines 3349--3351
[][][][][][][][][][][][][][][][][][][][][][][][][][][][] 
 []


Overfull \hbox (64.87636pt too wide) in paragraph at lines 3355--3357
[][][][][][][][][][][][][][][][][][][][][][][][][][][][] 
 []


Overfull \hbox (64.87636pt too wide) in paragraph at lines 3361--3363
[][][][][][][][][][][][][][][][][][][][][][][][][][][][] 
 []

[106] [107] (Sprawozdanie_WPO_Kowakczyk.lof [108

] [109])
\tf@lof=\write5
\openout5 = `Sprawozdanie_WPO_Kowakczyk.lof'.

 [110]
LaTeX Font Info:    Try loading font information for T1+cmtt on input line 3402
.

("D:\MiKTeX 2.9\tex/latex/base\t1cmtt.fd"
File: t1cmtt.fd 2014/09/29 v2.5h Standard LaTeX font definitions
)
Package atveryend Info: Empty hook `BeforeClearDocument' on input line 3406.
 [111

]
Package atveryend Info: Empty hook `AfterLastShipout' on input line 3406.

(Sprawozdanie_WPO_Kowakczyk.aux)
Package atveryend Info: Executing hook `AtVeryEndDocument' on input line 3406.
Package atveryend Info: Executing hook `AtEndAfterFileList' on input line 3406.

Package rerunfilecheck Info: File `Sprawozdanie_WPO_Kowakczyk.out' has not chan
ged.
(rerunfilecheck)             Checksum: 0B0FC9C87EE8FEFA40A8BCA35DCC1258;2583.


LaTeX Font Warning: Some font shapes were not available, defaults substituted.

Package atveryend Info: Empty hook `AtVeryVeryEnd' on input line 3406.
 ) 
Here is how much of TeX's memory you used:
 12108 strings out of 492945
 172128 string characters out of 3141688
 438614 words of memory out of 3000000
 13536 multiletter control sequences out of 15000+200000
 49106 words of font info for 71 fonts, out of 3000000 for 9000
 1141 hyphenation exceptions out of 8191
 37i,7n,40p,521b,1833s stack positions out of 5000i,500n,10000p,200000b,50000s
 <C:\Users\jakub\AppData\Local\MiKTeX\2.9\fonts/pk/ljfour/jknappen/ec/dpi600\
ecit1095.pk>{D:/MiKTeX 2.9/fonts/enc/dvips/tex-gyre/q-ec.enc}<D:/MiKTeX 2.9/fon
ts/type1/public/amsfonts/cm/cmmi10.pfb><D:/MiKTeX 2.9/fonts/type1/public/amsfon
ts/cm/cmmi8.pfb><D:/MiKTeX 2.9/fonts/type1/public/amsfonts/cm/cmr10.pfb><D:/MiK
TeX 2.9/fonts/type1/public/amsfonts/cm/cmr8.pfb><D:/MiKTeX 2.9/fonts/type1/publ
ic/amsfonts/cm/cmsy10.pfb><D:/MiKTeX 2.9/fonts/type1/public/amsfonts/cm/cmsy8.p
fb><D:/MiKTeX 2.9/fonts/type1/public/tex-gyre/qtmb.pfb><D:/MiKTeX 2.9/fonts/typ
e1/public/tex-gyre/qtmr.pfb><D:/MiKTeX 2.9/fonts/type1/public/tex-gyre/qtmri.pf
b>
Output written on Sprawozdanie_WPO_Kowakczyk.pdf (111 pages, 17949812 bytes).
PDF statistics:
 3411 PDF objects out of 3580 (max. 8388607)
 2195 named destinations out of 2487 (max. 500000)
 757 words of extra memory for PDF output out of 10000 (max. 10000000)

