\BOOKMARK [0][-]{chapter.1}{Wstep}{}% 1
\BOOKMARK [1][-]{section.1.1}{Wykorzystny fortmat pliku obrazu}{chapter.1}% 2
\BOOKMARK [1][-]{section.1.2}{Intstrukcja obs\233ugi programu}{chapter.1}% 3
\BOOKMARK [0][-]{chapter.2}{Operacje ujednolicania obraz\363w}{}% 4
\BOOKMARK [1][-]{section.2.1}{Ujednolicenie obraz\363w szarych geometryczne}{chapter.2}% 5
\BOOKMARK [1][-]{section.2.2}{Ujednolicenie obraz\363w szarych rozdzielczosciowe}{chapter.2}% 6
\BOOKMARK [1][-]{section.2.3}{Ujednolicenie obraz\363w RGB geometryczne}{chapter.2}% 7
\BOOKMARK [1][-]{section.2.4}{Ujednolicenie obraz\363w RGB rozdzielczosciowe}{chapter.2}% 8
\BOOKMARK [0][-]{chapter.3}{Operacje sumowania arytmetycznego obraz\363w szarych}{}% 9
\BOOKMARK [1][-]{section.3.1}{Sumowanie \(okreslonej\) sta\233ej z obrazem}{chapter.3}% 10
\BOOKMARK [1][-]{section.3.2}{Sumowanie dw\363ch obraz\363w}{chapter.3}% 11
\BOOKMARK [1][-]{section.3.3}{Mnozenie obrazu przez zadana liczbe}{chapter.3}% 12
\BOOKMARK [1][-]{section.3.4}{Mnozenie obrazu przez inny obraz}{chapter.3}% 13
\BOOKMARK [1][-]{section.3.5}{Mieszanie obraz\363w z okreslonym wsp\363\233czynnikiem}{chapter.3}% 14
\BOOKMARK [1][-]{section.3.6}{Potegowanie obrazu \(z zadana potega\)}{chapter.3}% 15
\BOOKMARK [1][-]{section.3.7}{Dzielenie obrazu przez \(zadana\) liczbe}{chapter.3}% 16
\BOOKMARK [1][-]{section.3.8}{Dzielenie obrazu przez inny obraz}{chapter.3}% 17
\BOOKMARK [1][-]{section.3.9}{Pierwiastkowanie obrazu}{chapter.3}% 18
\BOOKMARK [1][-]{section.3.10}{Logarytmowanie obrazu}{chapter.3}% 19
\BOOKMARK [0][-]{chapter.4}{Operacje sumowania arytmetycznego obraz\363w barwowychh}{}% 20
\BOOKMARK [1][-]{section.4.1}{Sumowanie \(okreslonej\) sta\233ej z obrazem}{chapter.4}% 21
\BOOKMARK [1][-]{section.4.2}{Sumowanie dw\363ch obraz\363w}{chapter.4}% 22
\BOOKMARK [1][-]{section.4.3}{Mnozenie obrazu przez zadana liczbe}{chapter.4}% 23
\BOOKMARK [1][-]{section.4.4}{Mnozenie obrazu przez inny obraz}{chapter.4}% 24
\BOOKMARK [1][-]{section.4.5}{Mieszanie obraz\363w z okreslonym wsp\363\233czynnikiem}{chapter.4}% 25
\BOOKMARK [1][-]{section.4.6}{Potegowanie obrazu \(z zadana potega\)}{chapter.4}% 26
\BOOKMARK [1][-]{section.4.7}{Dzielenie obrazu przez \(zadana\) liczbe}{chapter.4}% 27
\BOOKMARK [1][-]{section.4.8}{Dzielenie obrazu przez inny obraz}{chapter.4}% 28
\BOOKMARK [1][-]{section.4.9}{Pierwiastkowanie obrazu}{chapter.4}% 29
\BOOKMARK [1][-]{section.4.10}{Logarytmowanie obrazu}{chapter.4}% 30
\BOOKMARK [0][-]{chapter*.2}{Spis rysunk\363w}{}% 31
\BOOKMARK [0][-]{chapter*.3}{Bibliografia}{}% 32
